#
# A fatal error has been detected by the Java Runtime Environment:
#
#  EXCEPTION_ACCESS_VIOLATION (0xc0000005) at pc=0x000002091dc31053, pid=6548, tid=8272
#
# JRE version: OpenJDK Runtime Environment Temurin-21.0.8+9 (21.0.8+9) (build 21.0.8+9-LTS)
# Java VM: OpenJDK 64-Bit Server VM Temurin-21.0.8+9 (21.0.8+9-LTS, mixed mode, emulated-client, sharing, tiered, compressed oops, compressed class ptrs, g1 gc, windows-amd64)
# Problematic frame:
# v  ~BufferBlob::MethodHandles adapters 0x000002091dc31053
#
# No core dump will be written. Minidumps are not enabled by default on client versions of Windows
#
# If you would like to submit a bug report, please visit:
#   https://github.com/adoptium/adoptium-support/issues
#

---------------  S U M M A R Y ------------

Command Line: -XX:+ShowCodeDetailsInExceptionMessages -agentlib:jdwp=transport=dt_socket,suspend=y,address=localhost:64189 -Dcom.sun.management.jmxremote -Dcom.sun.management.jmxremote.port=64188 -Dcom.sun.management.jmxremote.authenticate=false -Dcom.sun.management.jmxremote.ssl=false -Djava.rmi.server.hostname=localhost -Dspring.jmx.enabled=true -Dmanagement.endpoints.jmx.exposure.include=* -Dspring.application.admin.enabled=true -Dspring.output.ansi.enabled=always -XX:TieredStopAtLevel=1 -Dspring.boot.project.name=personal_dev_12404_ishii_ryuto -javaagent:C:\pleiades\2025-09\eclipse\configuration\org.eclipse.osgi\250\0\.cp\lib\javaagent-shaded.jar -Dfile.encoding=UTF-8 -Dstdout.encoding=UTF-8 -Dstderr.encoding=UTF-8 com.example.demo.PersonalDev12404IshiiRyutoApplication

Host: Intel(R) Core(TM) i5-10210U CPU @ 1.60GHz, 8 cores, 15G,  Windows 11 , 64 bit Build 26100 (10.0.26100.7623)
Time: Fri May 22 16:39:16 2026 elapsed time: 28092.633553 seconds (0d 7h 48m 12s)

---------------  T H R E A D  ---------------

Current thread (0x000002097622fd20):  JavaThread "restartedMain"        [_thread_in_Java, id=8272, stack(0x000000ca80700000,0x000000ca80800000) (1024K)]

Stack: [0x000000ca80700000,0x000000ca80800000],  sp=0x000000ca807fd718,  free space=1013k
Native frames: (J=compiled Java code, j=interpreted, Vv=VM code, C=native code)
C  0x000002091dc31053

The last pc belongs to _linkToSpecial (printed below).

siginfo: EXCEPTION_ACCESS_VIOLATION (0xc0000005), reading address 0xffffffffffffffff


Registers:
RAX=0x000002091dc09086, RBX=0xe0fccb6f00000001, RCX=0x000000ca807fd720, RDX=0x0000000000000002
RSP=0x000000ca807fd718, RBP=0x000000ca807fd768, RSI=0x0000020976543358, RDI=0x00000209703fa930
R8 =0x0000000000000004, R9 =0x0000000000000004, R10=0x00007ff9c3125340, R11=0x00000209290b5da0
R12=0x0000000000000000, R13=0x000000ca807fd718, R14=0x000000ca807fd788, R15=0x000002097622fd20
RIP=0x000002091dc31053, EFLAGS=0x0000000000010246

XMM[0]=0x0000000000000000 0x0000000000000000
XMM[1]=0x0000000000000000 0x0000000000000000
XMM[2]=0x0000000000000000 0x0000000000000000
XMM[3]=0x0000000000000000 0x0000000000000000
XMM[4]=0x0000000000000000 0x0000000000000000
XMM[5]=0x0000000000000000 0x0000000000000000
XMM[6]=0x0000000000000000 0x0000000000000000
XMM[7]=0x0000000000000000 0x0000000000000000
XMM[8]=0x0000000000000000 0x0000000000000000
XMM[9]=0x0000000000000000 0x0000000000000000
XMM[10]=0x0000000000000000 0x0000000000000000
XMM[11]=0x0000000000000000 0x0000000000000000
XMM[12]=0x0000000000000000 0x0000000000000000
XMM[13]=0x0000000000000000 0x0000000000000000
XMM[14]=0x0000000000000000 0x0000000000000000
XMM[15]=0x0000000000000000 0x0000000000000000
  MXCSR=0x00001fa0


Register to memory mapping:

RAX=0x000002091dc09086 is at code_begin+3078 in an Interpreter codelet
return entry points  [0x000002091dc08480, 0x000002091dc0a298]  7704 bytes
RBX=0xe0fccb6f00000001 is an unknown value
RCX=0x000000ca807fd720 is pointing into the stack for thread: 0x000002097622fd20
RDX=0x0000000000000002 is an unknown value
RSP=0x000000ca807fd718 is pointing into the stack for thread: 0x000002097622fd20
RBP=0x000000ca807fd768 is pointing into the stack for thread: 0x000002097622fd20
RSI=0x0000020976543358 points into unknown readable memory: 0x80001199694ba1cf | cf a1 4b 69 99 11 00 80
RDI=0x00000209703fa930 points into unknown readable memory: 0x0000001800000070 | 70 00 00 00 18 00 00 00
R8 =0x0000000000000004 is an unknown value
R9 =0x0000000000000004 is an unknown value
R10=0x00007ff9c3125340 jvm.dll
R11={method} {0x00000209290b5da8} 'newInvokeSpecial' '(Ljava/lang/Object;)Ljava/lang/Object;' in 'java/lang/invoke/DirectMethodHandle$Holder'
R12=0x0 is null
R13=0x000000ca807fd718 is pointing into the stack for thread: 0x000002097622fd20
R14=0x000000ca807fd788 is pointing into the stack for thread: 0x000002097622fd20
R15=0x000002097622fd20 is a thread

Top of Stack: (sp=0x000000ca807fd718)
0x000000ca807fd718:   000002091dc09086 000000ca807fd720
0x000000ca807fd728:   000002092972bc6f 0000000000000004
0x000000ca807fd738:   00000209290b1258 000000070bda81b8
0x000000ca807fd748:   00000007049696f0 00000209290b5da0
0x000000ca807fd758:   000000ca807fd718 000000ca807fd790
0x000000ca807fd768:   000000ca807feb40 000002091dfa11cb
0x000000ca807fd778:   0000000707e65a80 0000000707e65b28
0x000000ca807fd788:   0000000707e65ae0 0000000707e65840
0x000000ca807fd798:   000000ca807fc3b0 000000ca807feb40
0x000000ca807fd7a8:   000002091e57cb0c 000002091e59d928
0x000000ca807fd7b8:   00007ff9000000da 000002091e59d090
0x000000ca807fd7c8:   0000000000000000 0000000000000001
0x000000ca807fd7d8:   000002097622fd20 0000000000000000
0x000000ca807fd7e8:   00007ff9c26b87f1 000002097622fd20
0x000000ca807fd7f8:   00000209711eec20 000002097110ce70
0x000000ca807fd808:   0000000704968600 000000070bda81b8
0x000000ca807fd818:   0000000707e65708 0000000707e65708
0x000000ca807fd828:   0000000707e65840 0000000707e65b10
0x000000ca807fd838:   0000000707e65898 000000070bda81b8
0x000000ca807fd848:   0000000000000001 000000ca807feb40
0x000000ca807fd858:   0000020900000000 0000000000000000
0x000000ca807fd868:   0000000000000000 0000000707e65ae0
0x000000ca807fd878:   000002091dfa295c 0000000000000000
0x000000ca807fd888:   0000000000000000 0000000000000000
0x000000ca807fd898:   0000000000000000 000002097622fd20
0x000000ca807fd8a8:   0000000000000000 0000000707e65840
0x000000ca807fd8b8:   0000000000000000 0000000707e65708
0x000000ca807fd8c8:   0000000707e65b10 0000000707e65840
0x000000ca807fd8d8:   0000000000000000 0000000000000000
0x000000ca807fd8e8:   000002091dfa06ec 000000ca807feb40
0x000000ca807fd8f8:   000002091df9beea 0000000000000000
0x000000ca807fd908:   000002091dea6a29 0000000000000000 

Instructions: (pc=0x000002091dc31053)
0x000002091dc30f53:   00 00 00 74 03 ff 63 38 ff 63 50 e9 9d 16 00 00
0x000002091dc30f63:   66 66 66 0f 1f 84 00 00 00 00 00 66 66 66 90 66
0x000002091dc30f73:   66 0f 1f 84 00 00 00 00 00 66 66 66 90 48 8b 53
0x000002091dc30f83:   08 0f b7 52 2e 48 8b 0c d4 58 5b 50 44 8b 51 08
0x000002091dc30f93:   49 bb 00 00 00 29 09 02 00 00 4d 03 d3 4c 8b 5b
0x000002091dc30fa3:   10 4b 8b 9c da d0 01 00 00 48 85 db 0f 84 10 00
0x000002091dc30fb3:   00 00 41 80 bf d8 05 00 00 00 74 03 ff 63 38 ff
0x000002091dc30fc3:   63 50 e9 36 16 00 00 66 66 66 0f 1f 84 00 00 00
0x000002091dc30fd3:   00 00 66 66 66 90 0f 1f 80 00 00 00 00 58 5b 50
0x000002091dc30fe3:   8b 5b 24 48 c1 e3 03 48 8b 5b 10 48 85 db 0f 84
0x000002091dc30ff3:   10 00 00 00 41 80 bf d8 05 00 00 00 74 03 ff 63
0x000002091dc31003:   38 ff 63 50 e9 f4 15 00 00 66 66 66 0f 1f 84 00
0x000002091dc31013:   00 00 00 00 66 66 66 90 0f 1f 44 00 00 48 8b 53
0x000002091dc31023:   08 0f b7 52 2e 48 8b 0c d4 58 5b 50 48 3b 01 8b
0x000002091dc31033:   5b 24 48 c1 e3 03 48 8b 5b 10 48 85 db 0f 84 10
0x000002091dc31043:   00 00 00 41 80 bf d8 05 00 00 00 74 03 ff 63 38
0x000002091dc31053:   ff 63 50 e9 a5 15 00 00 0f 1f 44 00 00 48 8b 53
0x000002091dc31063:   08 0f b7 52 2e 48 8b 0c d4 58 5b 50 44 8b 51 08
0x000002091dc31073:   49 bb 00 00 00 29 09 02 00 00 4d 03 d3 8b 43 18
0x000002091dc31083:   48 c1 e0 03 48 8b 40 10 48 8b 5b 10 45 8b 9a ac
0x000002091dc31093:   00 00 00 4f 8d 9c da d0 01 00 00 4d 8d 14 da 49
0x000002091dc310a3:   8b 1b 48 3b c3 74 15 48 85 db 0f 84 32 00 00 00
0x000002091dc310b3:   49 83 c3 10 49 8b 1b 48 3b c3 75 eb 45 8b 5b 08
0x000002091dc310c3:   4b 8b 1c 1a 48 85 db 0f 84 10 00 00 00 41 80 bf
0x000002091dc310d3:   d8 05 00 00 00 74 03 ff 63 38 ff 63 50 e9 1b 15
0x000002091dc310e3:   00 00 e9 16 12 00 00 f4 00 00 00 00 00 00 00 00
0x000002091dc310f3:   00 00 00 00 00 00 00 00 00 00 00 00 00 00 00 00
0x000002091dc31103:   00 00 00 00 00 00 00 00 00 00 00 00 00 00 00 00
0x000002091dc31113:   00 00 00 00 00 00 00 00 00 00 00 00 00 00 00 00
0x000002091dc31123:   00 00 00 00 00 00 00 00 00 00 00 00 00 00 00 00
0x000002091dc31133:   00 00 00 00 00 00 00 00 00 00 00 00 00 00 00 00
0x000002091dc31143:   00 00 00 00 00 00 00 00 00 00 00 00 00 00 00 00 


Stack slot to memory mapping:

stack at sp + 0 slots: 0x000002091dc09086 is at code_begin+3078 in an Interpreter codelet
return entry points  [0x000002091dc08480, 0x000002091dc0a298]  7704 bytes
stack at sp + 1 slots: 0x000000ca807fd720 is pointing into the stack for thread: 0x000002097622fd20
stack at sp + 2 slots: 0x000002092972bc6f is pointing into metadata
stack at sp + 3 slots: 0x0000000000000004 is an unknown value
stack at sp + 4 slots: 0x00000209290b1258 is pointing into metadata
stack at sp + 5 slots: 0x000000070bda81b8 is an oop: java.lang.Class 
{0x000000070bda81b8} - klass: 'java/lang/Class'
 - ---- fields (total size 14 words):
 - private volatile transient 'classRedefinedCount' 'I' @12  0 (0x00000000)
 - injected 'klass' 'J' @16  2238395863560 (0x000002092aca5208)
 - injected 'array_klass' 'J' @24  0 (0x0000000000000000)
 - injected 'oop_size' 'I' @32  14 (0x0000000e)
 - injected 'static_oop_field_count' 'I' @36  0 (0x00000000)
 - private volatile transient 'cachedConstructor' 'Ljava/lang/reflect/Constructor;' @40  null (0x00000000)
 - private transient 'name' 'Ljava/lang/String;' @44  "com.example.demo.controller.Calendar"{0x0000000706278d98} (0xe0c4f1b3)
 - private transient 'module' 'Ljava/lang/Module;' @48  a 'java/lang/Module'{0x000000070c000348} (0xe1800069)
 - private final 'classLoader' 'Ljava/lang/ClassLoader;' @52  a 'org/springframework/boot/devtools/restart/classloader/RestartClassLoader'{0x000000070c0001b8} (0xe1800037)
 - private transient 'classData' 'Ljava/lang/Object;' @56  null (0x00000000)
 - private transient 'packageName' 'Ljava/lang/String;' @60  "com.example.demo.controller"{0x0000000704c67400} (0xe098ce80)
 - private final 'componentType' 'Ljava/lang/Class;' @64  null (0x00000000)
 - private volatile transient 'reflectionData' 'Ljava/lang/ref/SoftReference;' @68  a 'java/lang/ref/SoftReference'{0x00000007095b2908} (0xe12b6521)
 - private volatile transient 'genericInfo' 'Lsun/reflect/generics/repository/ClassRepository;' @72  null (0x00000000)
 - private volatile transient 'enumConstants' '[Ljava/lang/Object;' @76  null (0x00000000)
 - private volatile transient 'enumConstantDirectory' 'Ljava/util/Map;' @80  null (0x00000000)
 - private volatile transient 'annotationData' 'Ljava/lang/Class$AnnotationData;' @84  a 'java/lang/Class$AnnotationData'{0x00000007095b2e68} (0xe12b65cd)
 - private volatile transient 'annotationType' 'Lsun/reflect/annotation/AnnotationType;' @88  null (0x00000000)
 - transient 'classValueMap' 'Ljava/lang/ClassValue$ClassValueMap;' @92  null (0x00000000)
 - injected 'protection_domain' 'Ljava/lang/Object;' @96  a 'java/security/ProtectionDomain'{0x000000070c02f260} (0xe1805e4c)
 - injected 'signers_name' 'Ljava/lang/Object;' @100  null (0x00000000)
 - injected 'source_file' 'Ljava/lang/Object;' @104  null (0x00000000)
 - injected '<init_lock>' 'Ljava/lang/Object;' @108  null (0x00000000)
 - signature: Lcom/example/demo/controller/Calendar;
 - ---- static fields (0):
stack at sp + 6 slots: 0x00000007049696f0 is an oop: java.lang.Class 
{0x00000007049696f0} - klass: 'java/lang/Class'
 - ---- fields (total size 14 words):
 - private volatile transient 'classRedefinedCount' 'I' @12  0 (0x00000000)
 - injected 'klass' 'J' @16  2238366551584 (0x00000209290b0e20)
 - injected 'array_klass' 'J' @24  0 (0x0000000000000000)
 - injected 'oop_size' 'I' @32  14 (0x0000000e)
 - injected 'static_oop_field_count' 'I' @36  0 (0x00000000)
 - private volatile transient 'cachedConstructor' 'Ljava/lang/reflect/Constructor;' @40  null (0x00000000)
 - private transient 'name' 'Ljava/lang/String;' @44  null (0x00000000)
 - private transient 'module' 'Ljava/lang/Module;' @48  a 'java/lang/Module'{0x000000070493e6e8} (0xe0927cdd)
 - private final 'classLoader' 'Ljava/lang/ClassLoader;' @52  null (0x00000000)
 - private transient 'classData' 'Ljava/lang/Object;' @56  null (0x00000000)
 - private transient 'packageName' 'Ljava/lang/String;' @60  null (0x00000000)
 - private final 'componentType' 'Ljava/lang/Class;' @64  null (0x00000000)
 - private volatile transient 'reflectionData' 'Ljava/lang/ref/SoftReference;' @68  null (0x00000000)
 - private volatile transient 'genericInfo' 'Lsun/reflect/generics/repository/ClassRepository;' @72  null (0x00000000)
 - private volatile transient 'enumConstants' '[Ljava/lang/Object;' @76  null (0x00000000)
 - private volatile transient 'enumConstantDirectory' 'Ljava/util/Map;' @80  null (0x00000000)
 - private volatile transient 'annotationData' 'Ljava/lang/Class$AnnotationData;' @84  null (0x00000000)
 - private volatile transient 'annotationType' 'Lsun/reflect/annotation/AnnotationType;' @88  null (0x00000000)
 - transient 'classValueMap' 'Ljava/lang/ClassValue$ClassValueMap;' @92  null (0x00000000)
 - injected 'protection_domain' 'Ljava/lang/Object;' @96  null (0x00000000)
 - injected 'signers_name' 'Ljava/lang/Object;' @100  null (0x00000000)
 - injected 'source_file' 'Ljava/lang/Object;' @104  null (0x00000000)
 - injected '<init_lock>' 'Ljava/lang/Object;' @108  null (0x00000000)
 - signature: Ljava/lang/invoke/DirectMethodHandle$Holder;
 - ---- static fields (0):
stack at sp + 7 slots: {method} {0x00000209290b5da8} 'newInvokeSpecial' '(Ljava/lang/Object;)Ljava/lang/Object;' in 'java/lang/invoke/DirectMethodHandle$Holder'

MethodHandle::interpreter_entry::_linkToSpecial [0x000002091dc3100c, 0x000002091dc3105b] (79 bytes)
[MachCode]
  0x000002091dc3100c: 6666 660f | 1f84 0000 | 0000 0066 | 6666 900f | 1f44 0000 | 488b 5308 | 0fb7 522e | 488b 0cd4 
  0x000002091dc3102c: 585b 5048 | 3b01 8b5b | 2448 c1e3 | 0348 8b5b | 1048 85db | 0f84 1000 | 0000 4180 | bfd8 0500 
  0x000002091dc3104c: 0000 7403 | ff63 38ff | 6350 e9a5 | 
[/MachCode]

---------------  P R O C E S S  ---------------

Threads class SMR info:
_java_thread_list=0x000002097040eaa0, length=24, elements={
0x00000209286a7d70, 0x00000209286a87c0, 0x00000209286acb80, 0x00000209286ad5d0,
0x00000209286b6030, 0x00000209286bad40, 0x00000209286bcf50, 0x00000209287a3f80,
0x0000020928860d70, 0x000002096e278840, 0x000002096e4dd240, 0x000002096e4e3240,
0x000002096e51dad0, 0x000002096e6690f0, 0x000002096e85d3f0, 0x000002096fbabb90,
0x000002096ea254b0, 0x00000209714feef0, 0x0000020976233ec0, 0x000002097622fd20,
0x000002097622e970, 0x00000209762303b0, 0x000002097622dc50, 0x000002097622d5c0
}

Java Threads: ( => current thread )
  0x00000209286a7d70 JavaThread "Reference Handler"          daemon [_thread_blocked, id=13748, stack(0x000000cafce00000,0x000000cafcf00000) (1024K)]
  0x00000209286a87c0 JavaThread "Finalizer"                  daemon [_thread_blocked, id=1648, stack(0x000000cafcf00000,0x000000cafd000000) (1024K)]
  0x00000209286acb80 JavaThread "Signal Dispatcher"          daemon [_thread_blocked, id=1796, stack(0x000000cafd000000,0x000000cafd100000) (1024K)]
  0x00000209286ad5d0 JavaThread "Attach Listener"            daemon [_thread_blocked, id=1644, stack(0x000000cafd100000,0x000000cafd200000) (1024K)]
  0x00000209286b6030 JavaThread "Service Thread"             daemon [_thread_blocked, id=1780, stack(0x000000cafd200000,0x000000cafd300000) (1024K)]
  0x00000209286bad40 JavaThread "Monitor Deflation Thread"   daemon [_thread_blocked, id=1784, stack(0x000000cafd300000,0x000000cafd400000) (1024K)]
  0x00000209286bcf50 JavaThread "C1 CompilerThread0"         daemon [_thread_blocked, id=1940, stack(0x000000cafd400000,0x000000cafd500000) (1024K)]
  0x00000209287a3f80 JavaThread "Common-Cleaner"             daemon [_thread_blocked, id=10816, stack(0x000000cafd500000,0x000000cafd600000) (1024K)]
  0x0000020928860d70 JavaThread "JDWP Event Helper Thread"   daemon [_thread_blocked, id=11012, stack(0x000000cafd900000,0x000000cafda00000) (1024K)]
  0x000002096e278840 JavaThread "Notification Thread"        daemon [_thread_blocked, id=2684, stack(0x000000cafdb00000,0x000000cafdc00000) (1024K)]
  0x000002096e4dd240 JavaThread "RMI TCP Accept-0"           daemon [_thread_in_native, id=1756, stack(0x000000cafe400000,0x000000cafe500000) (1024K)]
  0x000002096e4e3240 JavaThread "RMI TCP Accept-64188"       daemon [_thread_in_native, id=7164, stack(0x000000cafe500000,0x000000cafe600000) (1024K)]
  0x000002096e51dad0 JavaThread "RMI TCP Accept-0"           daemon [_thread_in_native, id=11000, stack(0x000000cafe600000,0x000000cafe700000) (1024K)]
  0x000002096e6690f0 JavaThread "RMI Scheduler(0)"           daemon [_thread_blocked, id=15212, stack(0x000000cafe800000,0x000000cafe900000) (1024K)]
  0x000002096e85d3f0 JavaThread "JMX server connection timeout 38" daemon [_thread_blocked, id=15380, stack(0x000000cafea00000,0x000000cafeb00000) (1024K)]
  0x000002096fbabb90 JavaThread "Cleaner-0"                  daemon [_thread_blocked, id=7240, stack(0x000000caff300000,0x000000caff400000) (1024K)]
  0x000002096ea254b0 JavaThread "DestroyJavaVM"                     [_thread_blocked, id=4984, stack(0x000000cafc600000,0x000000cafc700000) (1024K)]
  0x00000209714feef0 JavaThread "RMI TCP Connection(idle)"   daemon [_thread_blocked, id=8104, stack(0x000000ca81900000,0x000000ca81a00000) (1024K)]
  0x0000020976233ec0 JavaThread "Thread-129"                        [_thread_blocked, id=13892, stack(0x000000ca80200000,0x000000ca80300000) (1024K)]
=>0x000002097622fd20 JavaThread "restartedMain"                     [_thread_in_Java, id=8272, stack(0x000000ca80700000,0x000000ca80800000) (1024K)]
  0x000002097622e970 JavaThread "Catalina-utility-1"                [_thread_blocked, id=4328, stack(0x000000ca80800000,0x000000ca80900000) (1024K)]
  0x00000209762303b0 JavaThread "Catalina-utility-2"                [_thread_blocked, id=7740, stack(0x000000ca80900000,0x000000ca80a00000) (1024K)]
  0x000002097622dc50 JavaThread "container-0"                       [_thread_blocked, id=12696, stack(0x000000ca80a00000,0x000000ca80b00000) (1024K)]
  0x000002097622d5c0 JavaThread "HikariPool-34:housekeeper"  daemon [_thread_blocked, id=17532, stack(0x000000ca80b00000,0x000000ca80c00000) (1024K)]
Total: 24

Other Threads:
  0x0000020928684ed0 VMThread "VM Thread"                           [id=11140, stack(0x000000cafcd00000,0x000000cafce00000) (1024K)]
  0x000002092866c870 WatcherThread "VM Periodic Task Thread"        [id=4272, stack(0x000000cafcc00000,0x000000cafcd00000) (1024K)]
  0x0000020915581610 WorkerThread "GC Thread#0"                     [id=14820, stack(0x000000cafc700000,0x000000cafc800000) (1024K)]
  0x000002096e4470f0 WorkerThread "GC Thread#1"                     [id=14512, stack(0x000000cafdd00000,0x000000cafde00000) (1024K)]
  0x000002096e447490 WorkerThread "GC Thread#2"                     [id=8060, stack(0x000000cafde00000,0x000000cafdf00000) (1024K)]
  0x000002096e447830 WorkerThread "GC Thread#3"                     [id=3228, stack(0x000000cafdf00000,0x000000cafe000000) (1024K)]
  0x000002096e447bd0 WorkerThread "GC Thread#4"                     [id=3200, stack(0x000000cafe000000,0x000000cafe100000) (1024K)]
  0x000002096e447f70 WorkerThread "GC Thread#5"                     [id=14064, stack(0x000000cafe100000,0x000000cafe200000) (1024K)]
  0x000002096e461600 WorkerThread "GC Thread#6"                     [id=14068, stack(0x000000cafe200000,0x000000cafe300000) (1024K)]
  0x000002096e477c80 WorkerThread "GC Thread#7"                     [id=14060, stack(0x000000cafe300000,0x000000cafe400000) (1024K)]
  0x000002091319dfc0 ConcurrentGCThread "G1 Main Marker"            [id=5216, stack(0x000000cafc800000,0x000000cafc900000) (1024K)]
  0x000002091319ea20 WorkerThread "G1 Conc#0"                       [id=5480, stack(0x000000cafc900000,0x000000cafca00000) (1024K)]
  0x000002096eaff0c0 WorkerThread "G1 Conc#1"                       [id=15676, stack(0x000000cafee00000,0x000000cafef00000) (1024K)]
  0x0000020928541f10 ConcurrentGCThread "G1 Refine#0"               [id=7684, stack(0x000000cafca00000,0x000000cafcb00000) (1024K)]
  0x0000020928542730 ConcurrentGCThread "G1 Service"                [id=9832, stack(0x000000cafcb00000,0x000000cafcc00000) (1024K)]
Total: 15

Threads with active compile tasks:
Total: 0

VM state: not at safepoint (normal execution)

VM Mutex/Monitor currently owned by a thread: None

Heap address: 0x0000000704600000, size: 4026 MB, Compressed Oops mode: Zero based, Oop shift amount: 3

CDS archive(s) mapped at: [0x0000020929000000-0x0000020929c80000-0x0000020929c80000), size 13107200, SharedBaseAddress: 0x0000020929000000, ArchiveRelocationMode: 1.
Compressed class space mapped at: 0x000002092a000000-0x000002096a000000, reserved size: 1073741824
Narrow klass base: 0x0000020929000000, Narrow klass shift: 0, Narrow klass range: 0x100000000

GC Precious Log:
 CardTable entry size: 512
 Card Set container configuration: InlinePtr #cards 4 size 8 Array Of Cards #cards 16 size 48 Howl #buckets 8 coarsen threshold 3686 Howl Bitmap #cards 512 size 80 coarsen threshold 460 Card regions per heap region 1 cards per card region 4096
 CPUs: 8 total, 8 available
 Memory: 16101M
 Large Page Support: Disabled
 NUMA Support: Disabled
 Compressed Oops: Enabled (Zero based)
 Heap Region Size: 2M
 Heap Min Capacity: 8M
 Heap Initial Capacity: 252M
 Heap Max Capacity: 4026M
 Pre-touch: Disabled
 Parallel Workers: 8
 Concurrent Workers: 2
 Concurrent Refinement Workers: 8
 Periodic GC: Disabled

Heap:
 garbage-first heap   total 102400K, used 74500K [0x0000000704600000, 0x0000000800000000)
  region size 2048K, 23 young (47104K), 0 survivors (0K)
 Metaspace       used 90274K, committed 91584K, reserved 1179648K
  class space    used 12469K, committed 13056K, reserved 1048576K

Heap Regions: E=young(eden), S=young(survivor), O=old, HS=humongous(starts), HC=humongous(continues), CS=collection set, F=free, TAMS=top-at-mark-start, PB=parsable bottom
|   0|0x0000000704600000, 0x0000000704800000, 0x0000000704800000|100%| O|  |TAMS 0x0000000704600000| PB 0x0000000704600000| Untracked 
|   1|0x0000000704800000, 0x00000007049fffb8, 0x0000000704a00000| 99%| O|  |TAMS 0x0000000704800000| PB 0x0000000704800000| Untracked 
|   2|0x0000000704a00000, 0x0000000704c00000, 0x0000000704c00000|100%| O|  |TAMS 0x0000000704a00000| PB 0x0000000704a00000| Untracked 
|   3|0x0000000704c00000, 0x0000000704dfffe8, 0x0000000704e00000| 99%| O|  |TAMS 0x0000000704c00000| PB 0x0000000704c00000| Untracked 
|   4|0x0000000704e00000, 0x0000000704ff9548, 0x0000000705000000| 98%| O|  |TAMS 0x0000000704e00000| PB 0x0000000704e00000| Untracked 
|   5|0x0000000705000000, 0x00000007051fffe8, 0x0000000705200000| 99%| O|  |TAMS 0x0000000705000000| PB 0x0000000705000000| Untracked 
|   6|0x0000000705200000, 0x00000007053fffc0, 0x0000000705400000| 99%| O|  |TAMS 0x0000000705200000| PB 0x0000000705200000| Untracked 
|   7|0x0000000705400000, 0x0000000705600000, 0x0000000705600000|100%| O|  |TAMS 0x0000000705400000| PB 0x0000000705400000| Untracked 
|   8|0x0000000705600000, 0x0000000705800000, 0x0000000705800000|100%| O|  |TAMS 0x0000000705600000| PB 0x0000000705600000| Untracked 
|   9|0x0000000705800000, 0x00000007059fffc8, 0x0000000705a00000| 99%| O|  |TAMS 0x0000000705800000| PB 0x0000000705800000| Untracked 
|  10|0x0000000705a00000, 0x0000000705bfffe0, 0x0000000705c00000| 99%| O|  |TAMS 0x0000000705a00000| PB 0x0000000705a00000| Untracked 
|  11|0x0000000705c00000, 0x0000000705dfffa8, 0x0000000705e00000| 99%| O|  |TAMS 0x0000000705c00000| PB 0x0000000705c00000| Untracked 
|  12|0x0000000705e00000, 0x0000000705faf108, 0x0000000706000000| 84%| O|  |TAMS 0x0000000705e00000| PB 0x0000000705e00000| Untracked 
|  13|0x0000000706000000, 0x00000007061c6d50, 0x0000000706200000| 88%| O|  |TAMS 0x0000000706000000| PB 0x0000000706000000| Untracked 
|  14|0x0000000706200000, 0x00000007063fac78, 0x0000000706400000| 98%| O|  |TAMS 0x0000000706200000| PB 0x0000000706200000| Untracked 
|  15|0x0000000706400000, 0x0000000706557160, 0x0000000706600000| 67%| O|  |TAMS 0x0000000706400000| PB 0x0000000706400000| Untracked 
|  16|0x0000000706600000, 0x0000000706600000, 0x0000000706800000|  0%| F|  |TAMS 0x0000000706600000| PB 0x0000000706600000| Untracked 
|  17|0x0000000706800000, 0x0000000706800000, 0x0000000706a00000|  0%| F|  |TAMS 0x0000000706800000| PB 0x0000000706800000| Untracked 
|  18|0x0000000706a00000, 0x0000000706a00000, 0x0000000706c00000|  0%| F|  |TAMS 0x0000000706a00000| PB 0x0000000706a00000| Untracked 
|  19|0x0000000706c00000, 0x0000000706c00000, 0x0000000706e00000|  0%| F|  |TAMS 0x0000000706c00000| PB 0x0000000706c00000| Untracked 
|  20|0x0000000706e00000, 0x0000000706e00000, 0x0000000707000000|  0%| F|  |TAMS 0x0000000706e00000| PB 0x0000000706e00000| Untracked 
|  21|0x0000000707000000, 0x0000000707000000, 0x0000000707200000|  0%| F|  |TAMS 0x0000000707000000| PB 0x0000000707000000| Untracked 
|  22|0x0000000707200000, 0x0000000707200000, 0x0000000707400000|  0%| F|  |TAMS 0x0000000707200000| PB 0x0000000707200000| Untracked 
|  23|0x0000000707400000, 0x0000000707400000, 0x0000000707600000|  0%| F|  |TAMS 0x0000000707400000| PB 0x0000000707400000| Untracked 
|  24|0x0000000707600000, 0x0000000707600000, 0x0000000707800000|  0%| F|  |TAMS 0x0000000707600000| PB 0x0000000707600000| Untracked 
|  25|0x0000000707800000, 0x0000000707800000, 0x0000000707a00000|  0%| F|  |TAMS 0x0000000707800000| PB 0x0000000707800000| Untracked 
|  26|0x0000000707a00000, 0x0000000707a00000, 0x0000000707c00000|  0%| F|  |TAMS 0x0000000707a00000| PB 0x0000000707a00000| Untracked 
|  27|0x0000000707c00000, 0x0000000707d6cee0, 0x0000000707e00000| 71%| E|  |TAMS 0x0000000707c00000| PB 0x0000000707c00000| Complete 
|  28|0x0000000707e00000, 0x0000000708000000, 0x0000000708000000|100%| E|CS|TAMS 0x0000000707e00000| PB 0x0000000707e00000| Complete 
|  29|0x0000000708000000, 0x0000000708200000, 0x0000000708200000|100%| E|CS|TAMS 0x0000000708000000| PB 0x0000000708000000| Complete 
|  30|0x0000000708200000, 0x0000000708400000, 0x0000000708400000|100%| E|CS|TAMS 0x0000000708200000| PB 0x0000000708200000| Complete 
|  31|0x0000000708400000, 0x0000000708600000, 0x0000000708600000|100%| E|  |TAMS 0x0000000708400000| PB 0x0000000708400000| Complete 
|  32|0x0000000708600000, 0x0000000708800000, 0x0000000708800000|100%| E|CS|TAMS 0x0000000708600000| PB 0x0000000708600000| Complete 
|  33|0x0000000708800000, 0x0000000708a00000, 0x0000000708a00000|100%| E|CS|TAMS 0x0000000708800000| PB 0x0000000708800000| Complete 
|  34|0x0000000708a00000, 0x0000000708c00000, 0x0000000708c00000|100%| E|CS|TAMS 0x0000000708a00000| PB 0x0000000708a00000| Complete 
|  35|0x0000000708c00000, 0x0000000708e00000, 0x0000000708e00000|100%| E|CS|TAMS 0x0000000708c00000| PB 0x0000000708c00000| Complete 
|  36|0x0000000708e00000, 0x0000000709000000, 0x0000000709000000|100%| E|CS|TAMS 0x0000000708e00000| PB 0x0000000708e00000| Complete 
|  37|0x0000000709000000, 0x0000000709200000, 0x0000000709200000|100%| E|CS|TAMS 0x0000000709000000| PB 0x0000000709000000| Complete 
|  38|0x0000000709200000, 0x0000000709400000, 0x0000000709400000|100%| E|CS|TAMS 0x0000000709200000| PB 0x0000000709200000| Complete 
|  39|0x0000000709400000, 0x0000000709600000, 0x0000000709600000|100%| E|CS|TAMS 0x0000000709400000| PB 0x0000000709400000| Complete 
|  40|0x0000000709600000, 0x0000000709800000, 0x0000000709800000|100%| E|CS|TAMS 0x0000000709600000| PB 0x0000000709600000| Complete 
|  41|0x0000000709800000, 0x0000000709a00000, 0x0000000709a00000|100%| E|CS|TAMS 0x0000000709800000| PB 0x0000000709800000| Complete 
|  42|0x0000000709a00000, 0x0000000709c00000, 0x0000000709c00000|100%| E|CS|TAMS 0x0000000709a00000| PB 0x0000000709a00000| Complete 
|  43|0x0000000709c00000, 0x0000000709e00000, 0x0000000709e00000|100%| E|CS|TAMS 0x0000000709c00000| PB 0x0000000709c00000| Complete 
|  44|0x0000000709e00000, 0x000000070a000000, 0x000000070a000000|100%| E|CS|TAMS 0x0000000709e00000| PB 0x0000000709e00000| Complete 
|  45|0x000000070a000000, 0x000000070a200000, 0x000000070a200000|100%| E|CS|TAMS 0x000000070a000000| PB 0x000000070a000000| Complete 
|  58|0x000000070ba00000, 0x000000070bc00000, 0x000000070bc00000|100%| E|CS|TAMS 0x000000070ba00000| PB 0x000000070ba00000| Complete 
|  59|0x000000070bc00000, 0x000000070be00000, 0x000000070be00000|100%| E|CS|TAMS 0x000000070bc00000| PB 0x000000070bc00000| Complete 
|  60|0x000000070be00000, 0x000000070c000000, 0x000000070c000000|100%| E|CS|TAMS 0x000000070be00000| PB 0x000000070be00000| Complete 
|  61|0x000000070c000000, 0x000000070c200000, 0x000000070c200000|100%| E|CS|TAMS 0x000000070c000000| PB 0x000000070c000000| Complete 

Card table byte_map: [0x00000209214f0000,0x0000020921cd0000] _byte_map_base: 0x000002091dccd000

Marking Bits: (CMBitMap*) 0x0000020915581c20
 Bits: [0x0000020921cd0000, 0x0000020925bb8000)

Polling page: 0x0000020913450000

Metaspace:

Usage:
  Non-class:     75.98 MB used.
      Class:     12.18 MB used.
       Both:     88.16 MB used.

Virtual space:
  Non-class space:      128.00 MB reserved,      76.69 MB ( 60%) committed,  2 nodes.
      Class space:        1.00 GB reserved,      12.75 MB (  1%) committed,  1 nodes.
             Both:        1.12 GB reserved,      89.44 MB (  8%) committed. 

Chunk freelists:
   Non-Class:  2.55 MB
       Class:  3.29 MB
        Both:  5.83 MB

MaxMetaspaceSize: unlimited
CompressedClassSpaceSize: 1.00 GB
Initial GC threshold: 21.00 MB
Current GC threshold: 148.75 MB
CDS: on
 - commit_granule_bytes: 65536.
 - commit_granule_words: 8192.
 - virtual_space_node_default_size: 8388608.
 - enlarge_chunks_in_place: 1.
 - use_allocation_guard: 0.


Internal statistics:

num_allocs_failed_limit: 6.
num_arena_births: 4250.
num_arena_deaths: 3042.
num_vsnodes_births: 3.
num_vsnodes_deaths: 0.
num_space_committed: 1434.
num_space_uncommitted: 3.
num_chunks_returned_to_freelist: 4119.
num_chunks_taken_from_freelist: 9720.
num_chunk_merges: 576.
num_chunk_splits: 4483.
num_chunks_enlarged: 2890.
num_inconsistent_stats: 0.

CodeCache: size=49152Kb used=22189Kb max_used=28842Kb free=26962Kb
 bounds [0x000002091dc00000, 0x000002091f860000, 0x0000020920c00000]
 total_blobs=10985, nmethods=10241, adapters=666, full_count=0
Compilation: enabled, stopped_count=0, restarted_count=0

Compilation events (20 events):
Event: 27397.373 Thread 0x00000209286bcf50 31167   !   1       java.lang.Boolean::getBoolean (16 bytes)
Event: 27397.373 Thread 0x00000209286bcf50 nmethod 31167 0x000002091ddf0f90 code [0x000002091ddf1160, 0x000002091ddf12d0]
Event: 27397.408 Thread 0x00000209286bcf50 31168   !   1       org.apache.tomcat.util.IntrospectionUtils::setProperty (1152 bytes)
Event: 27397.417 Thread 0x00000209286bcf50 nmethod 31168 0x000002091ec7fe90 code [0x000002091ec80860, 0x000002091ec84470]
Event: 27397.424 Thread 0x00000209286bcf50 31169       1       java.io.File::<init> (20 bytes)
Event: 27397.424 Thread 0x00000209286bcf50 nmethod 31169 0x000002091e234e10 code [0x000002091e234fa0, 0x000002091e2350e8]
Event: 27397.541 Thread 0x00000209286bcf50 31170       1       org.hibernate.type.descriptor.java.AbstractClassJavaType::<init> (9 bytes)
Event: 27397.541 Thread 0x00000209286bcf50 nmethod 31170 0x000002091e850510 code [0x000002091e8506c0, 0x000002091e850920]
Event: 27397.625 Thread 0x00000209286bcf50 31171       1       org.hibernate.sql.results.graph.entity.internal.EntityFetchJoinedImpl::getNavigablePath (8 bytes)
Event: 27397.625 Thread 0x00000209286bcf50 nmethod 31171 0x000002091ddc3610 code [0x000002091ddc37a0, 0x000002091ddc3878]
Event: 27397.633 Thread 0x00000209286bcf50 31172       1       java.lang.module.ModuleDescriptor::packages (5 bytes)
Event: 27397.633 Thread 0x00000209286bcf50 nmethod 31172 0x000002091de75110 code [0x000002091de752a0, 0x000002091de75370]
Event: 27513.649 Thread 0x00000209286bcf50 31173       1       java.util.concurrent.ThreadPoolExecutor$Worker::lock (6 bytes)
Event: 27513.650 Thread 0x00000209286bcf50 nmethod 31173 0x000002091e241f90 code [0x000002091e242140, 0x000002091e242318]
Event: 27835.038 Thread 0x00000209286bcf50 31174       1       java.util.concurrent.atomic.AtomicIntegerFieldUpdater$AtomicIntegerFieldUpdaterImpl::compareAndSet (19 bytes)
Event: 27835.038 Thread 0x00000209286bcf50 nmethod 31174 0x000002091de54010 code [0x000002091de541c0, 0x000002091de54320]
Event: 27835.038 Thread 0x00000209286bcf50 31175       1       java.util.concurrent.atomic.AtomicIntegerFieldUpdater$AtomicIntegerFieldUpdaterImpl::accessCheck (17 bytes)
Event: 27835.039 Thread 0x00000209286bcf50 nmethod 31175 0x000002091e360d10 code [0x000002091e360ec0, 0x000002091e360ff0]
Event: 27835.647 Thread 0x00000209286bcf50 31176       1       com.zaxxer.hikari.pool.PoolEntry::compareAndSet (10 bytes)
Event: 27835.648 Thread 0x00000209286bcf50 nmethod 31176 0x000002091e024e90 code [0x000002091e025040, 0x000002091e0251c8]

GC Heap History (20 events):
Event: 27178.237 GC heap before
{Heap before GC invocations=133 (full 28):
 garbage-first heap   total 102400K, used 87294K [0x0000000704600000, 0x0000000800000000)
  region size 2048K, 29 young (59392K), 0 survivors (0K)
 Metaspace       used 89257K, committed 90560K, reserved 1179648K
  class space    used 12418K, committed 12992K, reserved 1048576K
}
Event: 27178.241 GC heap after
{Heap after GC invocations=134 (full 28):
 garbage-first heap   total 102400K, used 37240K [0x0000000704600000, 0x0000000800000000)
  region size 2048K, 4 young (8192K), 4 survivors (8192K)
 Metaspace       used 89257K, committed 90560K, reserved 1179648K
  class space    used 12418K, committed 12992K, reserved 1048576K
}
Event: 27212.596 GC heap before
{Heap before GC invocations=135 (full 28):
 garbage-first heap   total 102400K, used 47480K [0x0000000704600000, 0x0000000800000000)
  region size 2048K, 10 young (20480K), 4 survivors (8192K)
 Metaspace       used 89300K, committed 90624K, reserved 1179648K
  class space    used 12426K, committed 12992K, reserved 1048576K
}
Event: 27212.664 GC heap after
{Heap after GC invocations=136 (full 29):
 garbage-first heap   total 102400K, used 31115K [0x0000000704600000, 0x0000000800000000)
  region size 2048K, 0 young (0K), 0 survivors (0K)
 Metaspace       used 89196K, committed 90624K, reserved 1179648K
  class space    used 12401K, committed 12992K, reserved 1048576K
}
Event: 27213.570 GC heap before
{Heap before GC invocations=136 (full 29):
 garbage-first heap   total 102400K, used 84363K [0x0000000704600000, 0x0000000800000000)
  region size 2048K, 27 young (55296K), 0 survivors (0K)
 Metaspace       used 89449K, committed 90752K, reserved 1179648K
  class space    used 12421K, committed 12992K, reserved 1048576K
}
Event: 27213.574 GC heap after
{Heap after GC invocations=137 (full 29):
 garbage-first heap   total 102400K, used 36470K [0x0000000704600000, 0x0000000800000000)
  region size 2048K, 3 young (6144K), 3 survivors (6144K)
 Metaspace       used 89449K, committed 90752K, reserved 1179648K
  class space    used 12421K, committed 12992K, reserved 1048576K
}
Event: 27283.815 GC heap before
{Heap before GC invocations=138 (full 29):
 garbage-first heap   total 102400K, used 44662K [0x0000000704600000, 0x0000000800000000)
  region size 2048K, 8 young (16384K), 3 survivors (6144K)
 Metaspace       used 89452K, committed 90752K, reserved 1179648K
  class space    used 12421K, committed 12992K, reserved 1048576K
}
Event: 27283.869 GC heap after
{Heap after GC invocations=139 (full 30):
 garbage-first heap   total 102400K, used 31336K [0x0000000704600000, 0x0000000800000000)
  region size 2048K, 0 young (0K), 0 survivors (0K)
 Metaspace       used 89442K, committed 90752K, reserved 1179648K
  class space    used 12419K, committed 12992K, reserved 1048576K
}
Event: 27284.479 GC heap before
{Heap before GC invocations=139 (full 30):
 garbage-first heap   total 102400K, used 82536K [0x0000000704600000, 0x0000000800000000)
  region size 2048K, 26 young (53248K), 0 survivors (0K)
 Metaspace       used 89701K, committed 91008K, reserved 1179648K
  class space    used 12441K, committed 13056K, reserved 1048576K
}
Event: 27284.483 GC heap after
{Heap after GC invocations=140 (full 30):
 garbage-first heap   total 102400K, used 36304K [0x0000000704600000, 0x0000000800000000)
  region size 2048K, 3 young (6144K), 3 survivors (6144K)
 Metaspace       used 89701K, committed 91008K, reserved 1179648K
  class space    used 12441K, committed 13056K, reserved 1048576K
}
Event: 27302.386 GC heap before
{Heap before GC invocations=141 (full 30):
 garbage-first heap   total 102400K, used 44496K [0x0000000704600000, 0x0000000800000000)
  region size 2048K, 8 young (16384K), 3 survivors (6144K)
 Metaspace       used 89629K, committed 91008K, reserved 1179648K
  class space    used 12418K, committed 13056K, reserved 1048576K
}
Event: 27302.440 GC heap after
{Heap after GC invocations=142 (full 31):
 garbage-first heap   total 102400K, used 31154K [0x0000000704600000, 0x0000000800000000)
  region size 2048K, 0 young (0K), 0 survivors (0K)
 Metaspace       used 89595K, committed 91008K, reserved 1179648K
  class space    used 12413K, committed 13056K, reserved 1048576K
}
Event: 27303.076 GC heap before
{Heap before GC invocations=142 (full 31):
 garbage-first heap   total 102400K, used 82354K [0x0000000704600000, 0x0000000800000000)
  region size 2048K, 26 young (53248K), 0 survivors (0K)
 Metaspace       used 89859K, committed 91200K, reserved 1179648K
  class space    used 12435K, committed 13056K, reserved 1048576K
}
Event: 27303.080 GC heap after
{Heap after GC invocations=143 (full 31):
 garbage-first heap   total 102400K, used 36299K [0x0000000704600000, 0x0000000800000000)
  region size 2048K, 3 young (6144K), 3 survivors (6144K)
 Metaspace       used 89859K, committed 91200K, reserved 1179648K
  class space    used 12435K, committed 13056K, reserved 1048576K
}
Event: 27341.551 GC heap before
{Heap before GC invocations=144 (full 31):
 garbage-first heap   total 102400K, used 46539K [0x0000000704600000, 0x0000000800000000)
  region size 2048K, 9 young (18432K), 3 survivors (6144K)
 Metaspace       used 89862K, committed 91200K, reserved 1179648K
  class space    used 12435K, committed 13056K, reserved 1048576K
}
Event: 27341.600 GC heap after
{Heap after GC invocations=145 (full 32):
 garbage-first heap   total 102400K, used 31311K [0x0000000704600000, 0x0000000800000000)
  region size 2048K, 0 young (0K), 0 survivors (0K)
 Metaspace       used 89856K, committed 91200K, reserved 1179648K
  class space    used 12434K, committed 13056K, reserved 1048576K
}
Event: 27342.202 GC heap before
{Heap before GC invocations=145 (full 32):
 garbage-first heap   total 102400K, used 82511K [0x0000000704600000, 0x0000000800000000)
  region size 2048K, 26 young (53248K), 0 survivors (0K)
 Metaspace       used 90108K, committed 91392K, reserved 1179648K
  class space    used 12453K, committed 13056K, reserved 1048576K
}
Event: 27342.205 GC heap after
{Heap after GC invocations=146 (full 32):
 garbage-first heap   total 102400K, used 36435K [0x0000000704600000, 0x0000000800000000)
  region size 2048K, 3 young (6144K), 3 survivors (6144K)
 Metaspace       used 90108K, committed 91392K, reserved 1179648K
  class space    used 12453K, committed 13056K, reserved 1048576K
}
Event: 27397.094 GC heap before
{Heap before GC invocations=147 (full 32):
 garbage-first heap   total 102400K, used 46675K [0x0000000704600000, 0x0000000800000000)
  region size 2048K, 9 young (18432K), 3 survivors (6144K)
 Metaspace       used 90111K, committed 91392K, reserved 1179648K
  class space    used 12454K, committed 13056K, reserved 1048576K
}
Event: 27397.143 GC heap after
{Heap after GC invocations=148 (full 33):
 garbage-first heap   total 102400K, used 31492K [0x0000000704600000, 0x0000000800000000)
  region size 2048K, 0 young (0K), 0 survivors (0K)
 Metaspace       used 90104K, committed 91392K, reserved 1179648K
  class space    used 12453K, committed 13056K, reserved 1048576K
}

Dll operation events (12 events):
Event: 0.012 Loaded shared library C:\pleiades\2025-09\java\21\bin\java.dll
Event: 0.452 Loaded shared library C:\pleiades\2025-09\java\21\bin\zip.dll
Event: 0.460 Loaded shared library C:\pleiades\2025-09\java\21\bin\instrument.dll
Event: 0.466 Loaded shared library C:\pleiades\2025-09\java\21\bin\net.dll
Event: 0.467 Loaded shared library C:\pleiades\2025-09\java\21\bin\nio.dll
Event: 0.470 Loaded shared library C:\pleiades\2025-09\java\21\bin\zip.dll
Event: 0.633 Loaded shared library C:\pleiades\2025-09\java\21\bin\jimage.dll
Event: 0.672 Loaded shared library C:\pleiades\2025-09\java\21\bin\management.dll
Event: 0.680 Loaded shared library C:\pleiades\2025-09\java\21\bin\management_ext.dll
Event: 0.839 Loaded shared library C:\pleiades\2025-09\java\21\bin\verify.dll
Event: 0.923 Loaded shared library C:\pleiades\2025-09\java\21\bin\extnet.dll
Event: 2.925 Loaded shared library C:\pleiades\2025-09\java\21\bin\sunmscapi.dll

Deoptimization events (20 events):
Event: 27397.644 Thread 0x000002097622fd20 DEOPT PACKING pc=0x000002091e4ad56c sp=0x000000ca807fc640
Event: 27397.644 Thread 0x000002097622fd20 DEOPT UNPACKING pc=0x000002091dc54e42 sp=0x000000ca807fbb78 mode 1
Event: 27397.644 Thread 0x000002097622fd20 DEOPT PACKING pc=0x000002091e4ae61c sp=0x000000ca807fc730
Event: 27397.644 Thread 0x000002097622fd20 DEOPT UNPACKING pc=0x000002091dc54e42 sp=0x000000ca807fbcf0 mode 1
Event: 27397.644 Thread 0x000002097622fd20 DEOPT PACKING pc=0x000002091e4b0cbc sp=0x000000ca807fc8b0
Event: 27397.644 Thread 0x000002097622fd20 DEOPT UNPACKING pc=0x000002091dc54e42 sp=0x000000ca807fbe70 mode 1
Event: 27397.644 Thread 0x000002097622fd20 DEOPT PACKING pc=0x000002091e4ad56c sp=0x000000ca807fc640
Event: 27397.644 Thread 0x000002097622fd20 DEOPT UNPACKING pc=0x000002091dc54e42 sp=0x000000ca807fbb78 mode 1
Event: 27397.644 Thread 0x000002097622fd20 DEOPT PACKING pc=0x000002091e4ae61c sp=0x000000ca807fc730
Event: 27397.644 Thread 0x000002097622fd20 DEOPT UNPACKING pc=0x000002091dc54e42 sp=0x000000ca807fbcf0 mode 1
Event: 27397.644 Thread 0x000002097622fd20 DEOPT PACKING pc=0x000002091e4b0cbc sp=0x000000ca807fc8b0
Event: 27397.644 Thread 0x000002097622fd20 DEOPT UNPACKING pc=0x000002091dc54e42 sp=0x000000ca807fbe70 mode 1
Event: 27397.644 Thread 0x000002097622fd20 DEOPT PACKING pc=0x000002091e4ad56c sp=0x000000ca807fc640
Event: 27397.644 Thread 0x000002097622fd20 DEOPT UNPACKING pc=0x000002091dc54e42 sp=0x000000ca807fbb78 mode 1
Event: 27397.644 Thread 0x000002097622fd20 DEOPT PACKING pc=0x000002091e4ae61c sp=0x000000ca807fc730
Event: 27397.644 Thread 0x000002097622fd20 DEOPT UNPACKING pc=0x000002091dc54e42 sp=0x000000ca807fbcf0 mode 1
Event: 27397.644 Thread 0x000002097622fd20 DEOPT PACKING pc=0x000002091e4b0cbc sp=0x000000ca807fc8b0
Event: 27397.644 Thread 0x000002097622fd20 DEOPT UNPACKING pc=0x000002091dc54e42 sp=0x000000ca807fbe70 mode 1
Event: 27683.039 Thread 0x000002097622fd20 DEOPT PACKING pc=0x000002091dfa40b4 sp=0x000000ca807fd720
Event: 27683.039 Thread 0x000002097622fd20 DEOPT UNPACKING pc=0x000002091dc54e42 sp=0x000000ca807fcbd8 mode 0

Classes loaded (20 events):
Event: 3362.227 Loading class java/util/concurrent/locks/AbstractQueuedSynchronizer$SharedNode
Event: 3362.227 Loading class java/util/concurrent/locks/AbstractQueuedSynchronizer$SharedNode done
Event: 3362.260 Loading class java/io/FileOutputStream$1
Event: 3362.260 Loading class java/io/FileOutputStream$1 done
Event: 3362.307 Loading class java/lang/ref/Finalizer$2
Event: 3362.308 Loading class java/lang/ref/Finalizer$2 done
Event: 3362.308 Loading class java/lang/ref/Finalizer$1
Event: 3362.308 Loading class java/lang/ref/Finalizer$1 done
Event: 3362.755 Loading class java/time/DurationEditor
Event: 3362.755 Loading class java/time/DurationEditor done
Event: 7159.490 Loading class java/time/DurationEditor
Event: 7159.490 Loading class java/time/DurationEditor done
Event: 8205.381 Loading class java/time/DurationEditor
Event: 8205.381 Loading class java/time/DurationEditor done
Event: 17927.641 Loading class java/time/DurationEditor
Event: 17927.641 Loading class java/time/DurationEditor done
Event: 24154.721 Loading class java/time/DurationEditor
Event: 24154.721 Loading class java/time/DurationEditor done
Event: 27177.677 Loading class java/time/DurationEditor
Event: 27177.677 Loading class java/time/DurationEditor done

Classes unloaded (20 events):
Event: 27284.522 Thread 0x0000020928684ed0 Unloading class 0x000002092ac82c00 'java/lang/invoke/LambdaForm$MH+0x000002092ac82c00'
Event: 27284.522 Thread 0x0000020928684ed0 Unloading class 0x000002092ac81000 'java/lang/invoke/LambdaForm$BMH+0x000002092ac81000'
Event: 27284.522 Thread 0x0000020928684ed0 Unloading class 0x000002092ac7d400 'java/lang/invoke/LambdaForm$MH+0x000002092ac7d400'
Event: 27284.522 Thread 0x0000020928684ed0 Unloading class 0x000002092a4f6000 'java/lang/invoke/LambdaForm$MH+0x000002092a4f6000'
Event: 27284.522 Thread 0x0000020928684ed0 Unloading class 0x000002092ac6d400 'java/lang/invoke/LambdaForm$MH+0x000002092ac6d400'
Event: 27284.522 Thread 0x0000020928684ed0 Unloading class 0x000002092ac49c00 'java/lang/invoke/LambdaForm$MH+0x000002092ac49c00'
Event: 27302.405 Thread 0x0000020928684ed0 Unloading class 0x000002092ac81c00 'jdk/internal/reflect/GeneratedSerializationConstructorAccessor330'
Event: 27302.405 Thread 0x0000020928684ed0 Unloading class 0x000002092ac7ec00 'jdk/internal/reflect/GeneratedSerializationConstructorAccessor328'
Event: 27302.405 Thread 0x0000020928684ed0 Unloading class 0x000002092ac78800 'jdk/internal/reflect/GeneratedSerializationConstructorAccessor326'
Event: 27302.405 Thread 0x0000020928684ed0 Unloading class 0x000002092ac25c00 'jdk/internal/reflect/GeneratedSerializationConstructorAccessor324'
Event: 27302.405 Thread 0x0000020928684ed0 Unloading class 0x000002092ac74800 'jdk/internal/reflect/GeneratedSerializationConstructorAccessor322'
Event: 27302.405 Thread 0x0000020928684ed0 Unloading class 0x000002092aca3000 'jdk/internal/reflect/GeneratedSerializationConstructorAccessor320'
Event: 27302.405 Thread 0x0000020928684ed0 Unloading class 0x000002092aca5c00 'jdk/internal/reflect/GeneratedSerializationConstructorAccessor318'
Event: 27302.405 Thread 0x0000020928684ed0 Unloading class 0x000002092aca7000 'jdk/internal/reflect/GeneratedSerializationConstructorAccessor315'
Event: 27302.405 Thread 0x0000020928684ed0 Unloading class 0x000002092ac6cc00 'jdk/internal/reflect/GeneratedSerializationConstructorAccessor311'
Event: 27302.405 Thread 0x0000020928684ed0 Unloading class 0x000002092aca7c00 'org/apache/catalina/loader/JdbcLeakPrevention'
Event: 27341.568 Thread 0x0000020928684ed0 Unloading class 0x000002092ac25c00 'jdk/internal/reflect/GeneratedSerializationConstructorAccessor331'
Event: 27341.568 Thread 0x0000020928684ed0 Unloading class 0x000002092aca9000 'org/apache/catalina/loader/JdbcLeakPrevention'
Event: 27397.110 Thread 0x0000020928684ed0 Unloading class 0x000002092ac6cc00 'jdk/internal/reflect/GeneratedSerializationConstructorAccessor332'
Event: 27397.110 Thread 0x0000020928684ed0 Unloading class 0x000002092aca5000 'org/apache/catalina/loader/JdbcLeakPrevention'

Classes redefined (20 events):
Event: 18066.282 Thread 0x0000020928684ed0 redefined class name=com.example.demo.controller.MedicineController, count=2
Event: 18125.561 Thread 0x0000020928684ed0 redefined class name=com.example.demo.controller.MedicineController, count=14
Event: 18125.561 Thread 0x0000020928684ed0 redefined class name=com.example.demo.controller.MedicineController, count=10
Event: 18125.561 Thread 0x0000020928684ed0 redefined class name=com.example.demo.controller.MedicineController, count=10
Event: 18125.561 Thread 0x0000020928684ed0 redefined class name=com.example.demo.controller.MedicineController, count=11
Event: 18125.561 Thread 0x0000020928684ed0 redefined class name=com.example.demo.controller.MedicineController, count=12
Event: 18125.561 Thread 0x0000020928684ed0 redefined class name=com.example.demo.controller.MedicineController, count=6
Event: 18125.561 Thread 0x0000020928684ed0 redefined class name=com.example.demo.controller.MedicineController, count=10
Event: 18125.561 Thread 0x0000020928684ed0 redefined class name=com.example.demo.controller.MedicineController, count=13
Event: 18125.561 Thread 0x0000020928684ed0 redefined class name=com.example.demo.controller.MedicineController, count=10
Event: 18125.561 Thread 0x0000020928684ed0 redefined class name=com.example.demo.controller.MedicineController, count=7
Event: 18125.561 Thread 0x0000020928684ed0 redefined class name=com.example.demo.controller.MedicineController, count=9
Event: 18125.561 Thread 0x0000020928684ed0 redefined class name=com.example.demo.controller.MedicineController, count=10
Event: 18125.561 Thread 0x0000020928684ed0 redefined class name=com.example.demo.controller.MedicineController, count=4
Event: 18125.561 Thread 0x0000020928684ed0 redefined class name=com.example.demo.controller.MedicineController, count=5
Event: 18125.561 Thread 0x0000020928684ed0 redefined class name=com.example.demo.controller.MedicineController, count=5
Event: 18125.561 Thread 0x0000020928684ed0 redefined class name=com.example.demo.controller.MedicineController, count=8
Event: 18125.561 Thread 0x0000020928684ed0 redefined class name=com.example.demo.controller.MedicineController, count=1
Event: 18125.561 Thread 0x0000020928684ed0 redefined class name=com.example.demo.controller.MedicineController, count=2
Event: 18125.561 Thread 0x0000020928684ed0 redefined class name=com.example.demo.controller.MedicineController, count=3

Internal exceptions (20 events):
Event: 27177.708 Thread 0x000002097622dc50 Exception <a 'java/lang/NoSuchMethodError'{0x0000000708a8c930}: 'int java.lang.invoke.DirectMethodHandle$Holder.invokeVirtual(java.lang.Object, java.lang.Object, java.lang.Object, java.lang.Object)'> (0x0000000708a8c930) 
thrown [s\src\hotspot\share\interpreter\linkResolver.cpp, line 773]
Event: 27177.708 Thread 0x000002097622dc50 Exception <a 'java/lang/NoSuchMethodError'{0x0000000708a8ff28}: 'int java.lang.invoke.DelegatingMethodHandle$Holder.reinvoke_L(java.lang.Object, java.lang.Object, java.lang.Object, java.lang.Object)'> (0x0000000708a8ff28) 
thrown [s\src\hotspot\share\interpreter\linkResolver.cpp, line 773]
Event: 27177.715 Thread 0x000002097622dc50 Exception <a 'java/io/FileNotFoundException'{0x0000000708ae6e40}> (0x0000000708ae6e40) 
thrown [s\src\hotspot\share\prims\jni.cpp, line 520]
Event: 27178.348 Thread 0x0000020971500fc0 Exception <a 'java/lang/NoSuchMethodError'{0x000000070bae9f28}: static [B.<clinit>()V> (0x000000070bae9f28) 
thrown [s\src\hotspot\share\prims\jni.cpp, line 1111]
Event: 27212.595 Thread 0x000002097622d5c0 Exception <a 'java/lang/InterruptedException'{0x0000000709edcec8}: sleep interrupted> (0x0000000709edcec8) 
thrown [s\src\hotspot\share\prims\jvm.cpp, line 3074]
Event: 27212.679 Thread 0x00000209714fba70 Exception <a 'sun/nio/fs/WindowsException'{0x000000070c0a1470}> (0x000000070c0a1470) 
thrown [s\src\hotspot\share\prims\jni.cpp, line 520]
Event: 27213.055 Thread 0x00000209714fba70 Exception <a 'java/io/FileNotFoundException'{0x0000000708c244c0}> (0x0000000708c244c0) 
thrown [s\src\hotspot\share\prims\jni.cpp, line 520]
Event: 27283.814 Thread 0x00000209714fce20 Exception <a 'java/lang/InterruptedException'{0x000000070a0d0a70}: sleep interrupted> (0x000000070a0d0a70) 
thrown [s\src\hotspot\share\prims\jvm.cpp, line 3074]
Event: 27283.885 Thread 0x000002096fbae2f0 Exception <a 'sun/nio/fs/WindowsException'{0x000000070c0b77e0}> (0x000000070c0b77e0) 
thrown [s\src\hotspot\share\prims\jni.cpp, line 520]
Event: 27284.142 Thread 0x000002096fbae2f0 Exception <a 'java/io/FileNotFoundException'{0x0000000708c421c8}> (0x0000000708c421c8) 
thrown [s\src\hotspot\share\prims\jni.cpp, line 520]
Event: 27284.576 Thread 0x0000020976230a40 Exception <a 'java/lang/NoSuchMethodError'{0x000000070ba54590}: static [B.<clinit>()V> (0x000000070ba54590) 
thrown [s\src\hotspot\share\prims\jni.cpp, line 1111]
Event: 27302.385 Thread 0x000002096fbacf40 Exception <a 'java/lang/InterruptedException'{0x000000070a1feb58}: sleep interrupted> (0x000000070a1feb58) 
thrown [s\src\hotspot\share\prims\jvm.cpp, line 3074]
Event: 27302.455 Thread 0x000002097622dc50 Exception <a 'sun/nio/fs/WindowsException'{0x000000070c0b1308}> (0x000000070c0b1308) 
thrown [s\src\hotspot\share\prims\jni.cpp, line 520]
Event: 27302.725 Thread 0x000002097622dc50 Exception <a 'java/io/FileNotFoundException'{0x0000000708c57148}> (0x0000000708c57148) 
thrown [s\src\hotspot\share\prims\jni.cpp, line 520]
Event: 27341.550 Thread 0x000002097622fd20 Exception <a 'java/lang/InterruptedException'{0x0000000709e86330}: sleep interrupted> (0x0000000709e86330) 
thrown [s\src\hotspot\share\prims\jvm.cpp, line 3074]
Event: 27341.611 Thread 0x00000209714fce20 Exception <a 'sun/nio/fs/WindowsException'{0x000000070c0b4298}> (0x000000070c0b4298) 
thrown [s\src\hotspot\share\prims\jni.cpp, line 520]
Event: 27341.857 Thread 0x00000209714fce20 Exception <a 'java/io/FileNotFoundException'{0x0000000708c1ebd0}> (0x0000000708c1ebd0) 
thrown [s\src\hotspot\share\prims\jni.cpp, line 520]
Event: 27397.090 Thread 0x00000209714fdb40 Exception <a 'java/lang/InterruptedException'{0x0000000709f2ca40}: sleep interrupted> (0x0000000709f2ca40) 
thrown [s\src\hotspot\share\prims\jvm.cpp, line 3074]
Event: 27397.156 Thread 0x000002097622fd20 Exception <a 'sun/nio/fs/WindowsException'{0x000000070c0bae80}> (0x000000070c0bae80) 
thrown [s\src\hotspot\share\prims\jni.cpp, line 520]
Event: 27397.413 Thread 0x000002097622fd20 Exception <a 'java/io/FileNotFoundException'{0x0000000708c39b40}> (0x0000000708c39b40) 
thrown [s\src\hotspot\share\prims\jni.cpp, line 520]

ZGC Phase Switch (0 events):
No events

VM Operations (20 events):
Event: 27358.163 Executing VM operation: RendezvousGCThreads
Event: 27358.163 Executing VM operation: RendezvousGCThreads done
Event: 27397.094 Executing VM operation: G1CollectFull (System.gc())
Event: 27397.144 Executing VM operation: G1CollectFull (System.gc()) done
Event: 27398.158 Executing VM operation: Cleanup
Event: 27398.158 Executing VM operation: Cleanup done
Event: 27418.257 Executing VM operation: HandshakeAllThreads (HandshakeForDeflation)
Event: 27418.257 Executing VM operation: HandshakeAllThreads (HandshakeForDeflation) done
Event: 27418.257 Executing VM operation: RendezvousGCThreads
Event: 27418.257 Executing VM operation: RendezvousGCThreads done
Event: 27683.038 Executing VM operation: ChangeSingleStep
Event: 27683.038 Executing VM operation: ChangeSingleStep done
Event: 27683.039 Executing VM operation: ChangeSingleStep
Event: 27683.039 Executing VM operation: ChangeSingleStep done
Event: 28080.153 Executing VM operation: HandshakeAllThreads (HandshakeForDeflation)
Event: 28080.153 Executing VM operation: HandshakeAllThreads (HandshakeForDeflation) done
Event: 28080.153 Executing VM operation: RendezvousGCThreads
Event: 28080.153 Executing VM operation: RendezvousGCThreads done
Event: 28092.629 Executing VM operation: ChangeBreakpoints
Event: 28092.629 Executing VM operation: ChangeBreakpoints done

Memory protections (0 events):
No events

Nmethod flushes (20 events):
Event: 27397.122 Thread 0x0000020928684ed0 flushing  nmethod 0x000002091edc7b10
Event: 27397.122 Thread 0x0000020928684ed0 flushing  nmethod 0x000002091edeac10
Event: 27397.122 Thread 0x0000020928684ed0 flushing  nmethod 0x000002091ee5d310
Event: 27397.122 Thread 0x0000020928684ed0 flushing  nmethod 0x000002091ee5e790
Event: 27397.122 Thread 0x0000020928684ed0 flushing  nmethod 0x000002091ef3c790
Event: 27397.122 Thread 0x0000020928684ed0 flushing  nmethod 0x000002091ef41710
Event: 27397.122 Thread 0x0000020928684ed0 flushing  nmethod 0x000002091ef41e10
Event: 27397.122 Thread 0x0000020928684ed0 flushing  nmethod 0x000002091ef65610
Event: 27397.122 Thread 0x0000020928684ed0 flushing  nmethod 0x000002091ef69490
Event: 27397.122 Thread 0x0000020928684ed0 flushing  nmethod 0x000002091f00ce90
Event: 27397.122 Thread 0x0000020928684ed0 flushing  nmethod 0x000002091f108b10
Event: 27397.122 Thread 0x0000020928684ed0 flushing  nmethod 0x000002091f25d410
Event: 27397.122 Thread 0x0000020928684ed0 flushing  nmethod 0x000002091f28f410
Event: 27397.122 Thread 0x0000020928684ed0 flushing  nmethod 0x000002091f290690
Event: 27397.122 Thread 0x0000020928684ed0 flushing  nmethod 0x000002091f297d10
Event: 27397.122 Thread 0x0000020928684ed0 flushing  nmethod 0x000002091f3cbf10
Event: 27397.122 Thread 0x0000020928684ed0 flushing  nmethod 0x000002091f4f8990
Event: 27397.122 Thread 0x0000020928684ed0 flushing  nmethod 0x000002091f58a010
Event: 27397.122 Thread 0x0000020928684ed0 flushing  nmethod 0x000002091f597310
Event: 27397.122 Thread 0x0000020928684ed0 flushing  nmethod 0x000002091f668b90

Events (20 events):
Event: 27397.084 Thread 0x000002097622fd20 Thread exited: 0x000002097622fd20
Event: 27397.090 Thread 0x00000209714fdb40 Thread exited: 0x00000209714fdb40
Event: 27397.090 Thread 0x00000209714fad50 Thread exited: 0x00000209714fad50
Event: 27397.144 Thread 0x0000020976233ec0 Thread added: 0x000002097622fd20
Event: 27397.144 Thread 0x00000209714fd4b0 Thread exited: 0x00000209714fd4b0
Event: 27397.144 Thread 0x000002097622fd20 Thread exited: 0x000002097622fd20
Event: 27397.144 Thread 0x0000020976233ec0 Thread added: 0x000002097622fd20
Event: 27397.187 Thread 0x000002097622fd20 Thread added: 0x00000209762303b0
Event: 27397.195 Thread 0x00000209762303b0 Thread exited: 0x00000209762303b0
Event: 27397.435 Thread 0x000002097622fd20 Thread added: 0x000002097622e970
Event: 27397.435 Thread 0x000002097622fd20 Thread added: 0x00000209762303b0
Event: 27397.435 Thread 0x000002097622fd20 Thread added: 0x000002097622dc50
Event: 27397.508 Thread 0x000002097622fd20 Thread added: 0x000002097622d5c0
Event: 27397.612 Thread 0x000002097622d5c0 Thread added: 0x000002097622cf30
Event: 27403.467 Thread 0x000002097622cf30 Thread exited: 0x000002097622cf30
Event: 27417.275 Thread 0x0000020976230a40 Thread exited: 0x0000020976230a40
Event: 27432.282 Thread 0x0000020971500fc0 Thread exited: 0x0000020971500fc0
Event: 27432.282 Thread 0x00000209715002a0 Thread exited: 0x00000209715002a0
Event: 28092.629 Thread 0x00000209288613f0 Thread exited: 0x00000209288613f0
Event: 28092.630 Thread 0x000002092885a470 Thread exited: 0x000002092885a470


Dynamic libraries:
0x00007ff6edd60000 - 0x00007ff6edd6e000 	C:\pleiades\2025-09\java\21\bin\javaw.exe
0x00007ffa4a020000 - 0x00007ffa4a287000 	C:\WINDOWS\SYSTEM32\ntdll.dll
0x00007ffa48e30000 - 0x00007ffa48ef9000 	C:\WINDOWS\System32\KERNEL32.DLL
0x00007ffa479c0000 - 0x00007ffa47daf000 	C:\WINDOWS\System32\KERNELBASE.dll
0x00007ffa476b0000 - 0x00007ffa477fb000 	C:\WINDOWS\System32\ucrtbase.dll
0x00007ffa3daf0000 - 0x00007ffa3db08000 	C:\pleiades\2025-09\java\21\bin\jli.dll
0x00007ff9baa00000 - 0x00007ff9baa1e000 	C:\pleiades\2025-09\java\21\bin\VCRUNTIME140.dll
0x00007ffa48af0000 - 0x00007ffa48cb5000 	C:\WINDOWS\System32\USER32.dll
0x00007ffa47220000 - 0x00007ffa47247000 	C:\WINDOWS\System32\win32u.dll
0x00007ffa48f00000 - 0x00007ffa48f2b000 	C:\WINDOWS\System32\GDI32.dll
0x00007ffa33e40000 - 0x00007ffa340d3000 	C:\WINDOWS\WinSxS\amd64_microsoft.windows.common-controls_6595b64144ccf1df_6.0.26100.7309_none_3e05feeae336a044\COMCTL32.dll
0x00007ffa47890000 - 0x00007ffa479bc000 	C:\WINDOWS\System32\gdi32full.dll
0x00007ffa494e0000 - 0x00007ffa49589000 	C:\WINDOWS\System32\msvcrt.dll
0x00007ffa47490000 - 0x00007ffa47533000 	C:\WINDOWS\System32\msvcp_win.dll
0x00007ffa48df0000 - 0x00007ffa48e21000 	C:\WINDOWS\System32\IMM32.DLL
0x00007ffa19fb0000 - 0x00007ffa19fbc000 	C:\pleiades\2025-09\java\21\bin\vcruntime140_1.dll
0x00007ff9ba970000 - 0x00007ff9ba9fd000 	C:\pleiades\2025-09\java\21\bin\msvcp140.dll
0x00007ff9c2460000 - 0x00007ff9c31f7000 	C:\pleiades\2025-09\java\21\bin\server\jvm.dll
0x00007ffa488c0000 - 0x00007ffa48974000 	C:\WINDOWS\System32\ADVAPI32.dll
0x00007ffa48fb0000 - 0x00007ffa49056000 	C:\WINDOWS\System32\sechost.dll
0x00007ffa495d0000 - 0x00007ffa496e8000 	C:\WINDOWS\System32\RPCRT4.dll
0x00007ffa48f30000 - 0x00007ffa48fa4000 	C:\WINDOWS\System32\WS2_32.dll
0x00007ffa46fd0000 - 0x00007ffa4702e000 	C:\WINDOWS\SYSTEM32\POWRPROF.dll
0x00007ffa34180000 - 0x00007ffa341b5000 	C:\WINDOWS\SYSTEM32\WINMM.dll
0x00007ffa3d560000 - 0x00007ffa3d56b000 	C:\WINDOWS\SYSTEM32\VERSION.dll
0x00007ffa46fb0000 - 0x00007ffa46fc4000 	C:\WINDOWS\SYSTEM32\UMPDC.dll
0x00007ffa45ee0000 - 0x00007ffa45efb000 	C:\WINDOWS\SYSTEM32\kernel.appcore.dll
0x00007ffa43cf0000 - 0x00007ffa43cfa000 	C:\pleiades\2025-09\java\21\bin\jimage.dll
0x00007ffa44960000 - 0x00007ffa44ba2000 	C:\WINDOWS\SYSTEM32\DBGHELP.DLL
0x00007ffa47dd0000 - 0x00007ffa48156000 	C:\WINDOWS\System32\combase.dll
0x00007ffa49300000 - 0x00007ffa493d6000 	C:\WINDOWS\System32\OLEAUT32.dll
0x00007ffa2d7c0000 - 0x00007ffa2d7fc000 	C:\WINDOWS\SYSTEM32\dbgcore.DLL
0x00007ffa47170000 - 0x00007ffa47215000 	C:\WINDOWS\System32\bcryptPrimitives.dll
0x00007ff9ba930000 - 0x00007ff9ba96c000 	C:\pleiades\2025-09\java\21\bin\jdwp.dll
0x00007ffa43ce0000 - 0x00007ffa43cef000 	C:\pleiades\2025-09\java\21\bin\instrument.dll
0x00007ffa3db10000 - 0x00007ffa3db2f000 	C:\pleiades\2025-09\java\21\bin\java.dll
0x00007ffa48160000 - 0x00007ffa488b3000 	C:\WINDOWS\System32\SHELL32.dll
0x00007ffa47540000 - 0x00007ffa476aa000 	C:\WINDOWS\System32\wintypes.dll
0x00007ffa44d50000 - 0x00007ffa455ae000 	C:\WINDOWS\SYSTEM32\windows.storage.dll
0x00007ffa49c00000 - 0x00007ffa49cf5000 	C:\WINDOWS\System32\SHCORE.dll
0x00007ffa49b80000 - 0x00007ffa49be6000 	C:\WINDOWS\System32\shlwapi.dll
0x00007ffa47090000 - 0x00007ffa470b9000 	C:\WINDOWS\SYSTEM32\profapi.dll
0x00007ffa18690000 - 0x00007ffa1869b000 	C:\pleiades\2025-09\java\21\bin\dt_socket.dll
0x00007ffa458d0000 - 0x00007ffa45904000 	C:\WINDOWS\SYSTEM32\IPHLPAPI.DLL
0x00007ffa46430000 - 0x00007ffa4649b000 	C:\WINDOWS\system32\mswsock.dll
0x00007ffa459c0000 - 0x00007ffa45aec000 	C:\WINDOWS\SYSTEM32\DNSAPI.dll
0x00007ffa495c0000 - 0x00007ffa495ca000 	C:\WINDOWS\System32\NSI.dll
0x00007ffa39200000 - 0x00007ffa3920b000 	C:\Windows\System32\rasadhlp.dll
0x00007ffa38f20000 - 0x00007ffa38fa6000 	C:\WINDOWS\System32\fwpuclnt.dll
0x00007ffa35b40000 - 0x00007ffa35b58000 	C:\pleiades\2025-09\java\21\bin\zip.dll
0x00007ffa35b30000 - 0x00007ffa35b40000 	C:\pleiades\2025-09\java\21\bin\net.dll
0x00007ffa3e070000 - 0x00007ffa3e198000 	C:\WINDOWS\SYSTEM32\WINHTTP.dll
0x00007ffa35b10000 - 0x00007ffa35b26000 	C:\pleiades\2025-09\java\21\bin\nio.dll
0x00007ffa17770000 - 0x00007ffa1777a000 	C:\pleiades\2025-09\java\21\bin\management.dll
0x00007ffa0dad0000 - 0x00007ffa0dadb000 	C:\pleiades\2025-09\java\21\bin\management_ext.dll
0x00007ffa49bf0000 - 0x00007ffa49bf8000 	C:\WINDOWS\System32\PSAPI.DLL
0x00007ffa39250000 - 0x00007ffa39268000 	C:\WINDOWS\system32\napinsp.dll
0x00007ffa37070000 - 0x00007ffa37082000 	C:\WINDOWS\System32\winrnr.dll
0x00007ffa174a0000 - 0x00007ffa174c2000 	C:\WINDOWS\system32\nlansp_c.dll
0x00007ffa3e9a0000 - 0x00007ffa3e9b6000 	C:\WINDOWS\system32\wshbth.dll
0x00007ffa35ad0000 - 0x00007ffa35ae0000 	C:\pleiades\2025-09\java\21\bin\verify.dll
0x00007ffa46820000 - 0x00007ffa4683b000 	C:\WINDOWS\SYSTEM32\CRYPTSP.dll
0x00007ffa45e40000 - 0x00007ffa45e7a000 	C:\WINDOWS\system32\rsaenh.dll
0x00007ffa464e0000 - 0x00007ffa4650b000 	C:\WINDOWS\SYSTEM32\USERENV.dll
0x00007ffa47060000 - 0x00007ffa4708a000 	C:\WINDOWS\SYSTEM32\bcrypt.dll
0x00007ffa46680000 - 0x00007ffa4668c000 	C:\WINDOWS\SYSTEM32\CRYPTBASE.dll
0x00007ffa358b0000 - 0x00007ffa358b9000 	C:\pleiades\2025-09\java\21\bin\extnet.dll
0x00007ffa35ac0000 - 0x00007ffa35ace000 	C:\pleiades\2025-09\java\21\bin\sunmscapi.dll
0x00007ffa47250000 - 0x00007ffa473c7000 	C:\WINDOWS\System32\CRYPT32.dll
0x00007ffa46970000 - 0x00007ffa469a0000 	C:\WINDOWS\SYSTEM32\ncrypt.dll
0x00007ffa46920000 - 0x00007ffa4695f000 	C:\WINDOWS\SYSTEM32\NTASN1.dll
0x00007ffa41f20000 - 0x00007ffa41f28000 	C:\WINDOWS\system32\wshunix.dll

JVMTI agents:
jdwp path:C:\pleiades\2025-09\java\21\bin\jdwp.dll, loaded, initialized, options:transport=dt_socket,suspend=y,address=localhost:64189
C:\pleiades\2025-09\eclipse\configuration\org.eclipse.osgi\250\0\.cp\lib\javaagent-shaded.jar path:C:\pleiades\2025-09\java\21\bin\instrument.dll, loaded, initialized, instrumentlib options:none

dbghelp: loaded successfully - version: 4.0.5 - missing functions: none
symbol engine: initialized successfully - sym options: 0x614 - pdb path: .;C:\pleiades\2025-09\java\21\bin;C:\WINDOWS\SYSTEM32;C:\WINDOWS\WinSxS\amd64_microsoft.windows.common-controls_6595b64144ccf1df_6.0.26100.7309_none_3e05feeae336a044;C:\pleiades\2025-09\java\21\bin\server

VM Arguments:
jvm_args: -XX:+ShowCodeDetailsInExceptionMessages -agentlib:jdwp=transport=dt_socket,suspend=y,address=localhost:64189 -Dcom.sun.management.jmxremote -Dcom.sun.management.jmxremote.port=64188 -Dcom.sun.management.jmxremote.authenticate=false -Dcom.sun.management.jmxremote.ssl=false -Djava.rmi.server.hostname=localhost -Dspring.jmx.enabled=true -Dmanagement.endpoints.jmx.exposure.include=* -Dspring.application.admin.enabled=true -Dspring.output.ansi.enabled=always -XX:TieredStopAtLevel=1 -Dspring.boot.project.name=personal_dev_12404_ishii_ryuto -javaagent:C:\pleiades\2025-09\eclipse\configuration\org.eclipse.osgi\250\0\.cp\lib\javaagent-shaded.jar -Dfile.encoding=UTF-8 -Dstdout.encoding=UTF-8 -Dstderr.encoding=UTF-8 
java_command: com.example.demo.PersonalDev12404IshiiRyutoApplication
java_class_path (initial): C:\pleiades\2025-09\workspace\personal_dev_12404_ishii_ryuto\bin\main;C:\Users\student\.gradle\caches\modules-2\files-2.1\org.springframework.boot\spring-boot-starter-data-jpa\4.0.6\7ae183d29edb5b8583685ea71021105eafc99ad9\spring-boot-starter-data-jpa-4.0.6.jar;C:\Users\student\.gradle\caches\modules-2\files-2.1\org.springframework.boot\spring-boot-starter-thymeleaf\4.0.6\73b7f7996986a46fd5cda7e92ed87b6dabc2db98\spring-boot-starter-thymeleaf-4.0.6.jar;C:\Users\student\.gradle\caches\modules-2\files-2.1\org.springframework.boot\spring-boot-starter-webmvc\4.0.6\a7ac55e4eb7cf4d2931557135f90870003641290\spring-boot-starter-webmvc-4.0.6.jar;C:\Users\student\.gradle\caches\modules-2\files-2.1\org.springframework.boot\spring-boot-starter-jdbc\4.0.6\134232052dcbf089ff52e37aea3ae81c9448c746\spring-boot-starter-jdbc-4.0.6.jar;C:\Users\student\.gradle\caches\modules-2\files-2.1\org.springframework.boot\spring-boot-starter-jackson\4.0.6\38895733cded8ac4007d7ee028e3bf1f718514f1\spring-boot-starter-jackson-4.0.6.jar;C:\Users\student\.gradle\caches\modules-2\files-2.1\org.springframework.boot\spring-boot-starter-tomcat\4.0.6\b646e4b063dacdf5079efcfa685c4a8803ff4ac1\spring-boot-starter-tomcat-4.0.6.jar;C:\Users\student\.gradle\caches\modules-2\files-2.1\org.springframework.boot\spring-boot-starter\4.0.6\589f058443a5ca53cf38253fa05aa69dd0e87e0e\spring-boot-starter-4.0.6.jar;C:\Users\student\.gradle\caches\modules-2\files-2.1\org.springframework.boot\spring-boot-data-jpa\4.0.6\e4f73ed89d180378acdad704b1b88d8cfd191862\spring-boot-data-jpa-4.0.6.jar;C:\Users\student\.gradle\caches\modules-2\files-2.1\org.springframework.boot\spring-boot-hibernate\4.0.6\1583369af62ba1e587e6f82c8c95dff5694e63b\spring-boot-hibernate-4.0.6.jar;C:\Users\student\.gradle\caches\modules-2\files-2.1\org.springframework.boot\spring-boot-jpa\4.0.6\2298c83f9e4473998fe1c695d42f3fcc161f6eb3\spring-boot-jpa-4.0.6.jar;C:\Users\student\.gradle\caches\modules-2\files-2.1\org.springframework.boot\spring-boot-jdbc\4.0.6\fd649f51a6cef57b011167676f67ccfd51901932\spring-boot-jdbc-4.0.6.jar;C:\Users\student\.gradle\caches\modules-2\files-2.1\org.springframework.boot\spring-boot-thymeleaf\4.0.6\d36b8927c8348910d455e3da2fa78184e15148ef\spring-boot-thymeleaf-4.0.6.jar;C:\Users\student\.gradle\caches\modules-2\files-2.1\org.springframework.boot\spring-boot-http-converter\4.0.6\2e880be042b7543e6767d99a8f5777d41e92be93\spring-boot-http-converter-4.0.6.jar;C:\Users\student\.gradle\caches\modules-2\files-2.1\org.springframework.boot\spring-boot-webmvc\4.0.6\2a5877540d8f8bd4df5071d1848fc0a30384117b\spring-boot-webmvc-4.0.6.jar;C:\Users\student\.gradle\caches\modules-2\files-2.1\org.springframework.boot\spring-boot-starter-logging\4.0.6\eb85ce7bf1c9bdc660a267d9cb481470609bac30\spring-boot-starter-logging-4.0.6.jar;C:\Users\student\.gradle\caches\modules-2\files-2.1\org.springframework.boot\spring-boot-autoconfigure\4.0.6\95db07bd446a6bc10e791a1502a0c542a81872d1\spring-boot-autoconfigure-4.0.6.jar;C:\Users\student\.gradle\caches\modules-2\files-2.1\org.springframework.data\spring-data-jpa\4.0.5\fbb375863a4deb4df21b803756b97b767e18559a\spring-data-jpa-4.0.5.jar;C:\Users\student\.gradle\caches\modules-2\files-2.1\org.springframework.boot\spring-boot-starter-tomcat-runtime\4.0.6\93cb616795ce25f7fd58ef3d1dcc8c3ed2d82578\spring-boot-starter-tomcat-runtime-4.0.6.jar;C:\Users\student\.gradle\caches\modules-2\files-2.1\jakarta.annotation\jakarta.annotation-api\3.0.0\54f928fadec906a99d558536756d171917b9d936\jakarta.annotation-api-3.0.0.jar;C:\Users\student\.gradle\caches\modules-2\files-2.1\org.yaml\snakeyaml\2.5\2d53ddec134280cb384c1e35d094e5f71c1f2316\snakeyaml-2.5.jar;C:\Users\student\.gradle\caches\modules-2\files-2.1\com.zaxxer\HikariCP\7.0.2\c2b43c946b86a14a96342379e22b004c56c6166d\HikariCP-7.0.2.jar;C:\Users\student\.gradle\caches\modules-2\files-2.1\org.springframework.boot\spring-boot-data-commons\4.0.6\4702c0e63d5164330fbaef7a5e55d0d173cc3ab9\spring-boot-data-commons-4.0.6.jar;C:\Users\student\.gradle\caches\modules-2\files-2.1\org.springframework\spring-aspects\7.0.7\e507bc50ddca9ee54c37191f9c96e5f491459d3c\spring-aspects-7.0.7.jar;C:\Users\student\.gradle\caches\modules-2\files-2.1\org.springframework.boot\spring-boot-sql\4.0.6\2526bc5a53f0ca3c029a4c02a1360a25c9e226d4\spring-boot-sql-4.0.6.jar;C:\Users\student\.gradle\caches\modules-2\files-2.1\org.springframework.boot\spring-boot-transaction\4.0.6\c7ebf15df555b5e8895e936609b1afa0ba2c1264\spring-boot-transaction-4.0.6.jar;C:\Users\student\.gradle\caches\modules-2\files-2.1\org.springframework.boot\spring-boot-jackson\4.0.6\506bcf91451a44789dd5d9ef1855d524069140ef\spring-boot-jackson-4.0.6.jar;C:\Users\student\.gradle\caches\modules-2\files-2.1\org.springframework.boot\spring-boot-servlet\4.0.6\8a1d703662d560a7826c61a908f5307e795cb370\spring-boot-servlet-4.0.6.jar;C:\Users\student\.gradle\caches\modules-2\files-2.1\org.springframework.boot\spring-boot-persistence\4.0.6\43caab2de2aeaf4a7ae9aa5c5e049722697c06a2\spring-boot-persistence-4.0.6.jar;C:\Users\student\.gradle\caches\modules-2\files-2.1\org.springframework.boot\spring-boot-tomcat\4.0.6\46bcbbdd2bddd2a6932bbdcf9ac2d943a83f0629\spring-boot-tomcat-4.0.6.jar;C:\Users\student\.gradle\caches\modules-2\files-2.1\org.springframework.boot\spring-boot-web-server\4.0.6\8a087bc97418b3082fe402b3241260180fa7133e\spring-boot-web-server-4.0.6.jar;C:\Users\student\.gradle\caches\modules-2\files-2.1\org.springframework.boot\spring-boot\4.0.6\5bcc4d77a2ff7d18274f2394b5eea1d658e46305\spring-boot-4.0.6.jar;C:\Users\student\.gradle\caches\modules-2\files-2.1\org.springframework\spring-orm\7.0.7\c5f883ce3bf4407a8c86751e3fa3a2fac4482626\spring-orm-7.0.7.jar;C:\Users\student\.gradle\caches\modules-2\files-2.1\org.springframework\spring-jdbc\7.0.7\7369c7cc321b649f291c6222e5982d75878845c5\spring-jdbc-7.0.7.jar;C:\Users\student\.gradle\caches\modules-2\files-2.1\org.thymeleaf\thymeleaf-spring6\3.1.5.RELEASE\d9dcb89be976a321df29518cc634d89a83973800\thymeleaf-spring6-3.1.5.RELEASE.jar;C:\Users\student\.gradle\caches\modules-2\files-2.1\org.springframework\spring-webmvc\7.0.7\5d7758ed288cda1eacae4b96defb9eed3a7e561d\spring-webmvc-7.0.7.jar;C:\Users\student\.gradle\caches\modules-2\files-2.1\org.springframework\spring-web\7.0.7\8c6ba7dd1ef6a3d9246b08885185806426daa7ec\spring-web-7.0.7.jar;C:\Users\student\.gradle\caches\modules-2\files-2.1\ch.qos.logback\logback-classic\1.5.32\2b1042c50f508f2eb402bd4d22ccbdf94cc37d2e\logback-classic-1.5.32.jar;C:\Users\student\.gradle\caches\modules-2\files-2.1\org.apache.logging.log4j\log4j-to-slf4j\2.25.4\68df56640a5d245192e91bd2ac89e504b477cc10\log4j-to-slf4j-2.25.4.jar;C:\Users\student\.gradle\caches\modules-2\files-2.1\org.slf4j\jul-to-slf4j\2.0.17\524cb6ccc2b68a57604750e1ab8b13b5a786a6aa\jul-to-slf4j-2.0.17.jar;C:\Users\student\.gradle\caches\modules-2\files-2.1\org.springframework.data\spring-data-commons\4.0.5\eed2c7272ba1b13456124949a2bdcbd035ab1154\spring-data-commons-4.0.5.jar;C:\Users\student\.gradle\caches\modules-2\files-2.1\org.thymeleaf\thymeleaf\3.1.5.RELEASE\8986b45086f74f7773c440055a2f473817dd3fa8\thymeleaf-3.1.5.RELEASE.jar;C:\Users\student\.gradle\caches\modules-2\files-2.1\org.slf4j\slf4j-api\2.0.17\d9e58ac9c7779ba3bf8142aff6c830617a7fe60f\slf4j-api-2.0.17.jar;C:\Users\student\.gradle\caches\modules-2\files-2.1\org.hibernate.orm\hibernate-core\7.2.12.Final\9e10d41a4cd7fbb045cb978676dffe23a0adf1e0\hibernate-core-7.2.12.Final.jar;C:\Users\student\.gradle\caches\modules-2\files-2.1\org.springframework\spring-context\7.0.7\bd71294ceaa815abcdbbf5e116c9382103845139\spring-context-7.0.7.jar;C:\Users\student\.gradle\caches\modules-2\files-2.1\org.springframework\spring-aop\7.0.7\21045648cc638653fb872da3b3fdd50b1cb7b370\spring-aop-7.0.7.jar;C:\Users\student\.gradle\caches\modules-2\files-2.1\org.springframework\spring-tx\7.0.7\c398a2ab7706e16c90be33ff9eaafcb2872d73bf\spring-tx-7.0.7.jar;C:\Users\student\.gradle\caches\modules-2\files-2.1\org.springframework\spring-beans\7.0.7\1278f23233223c480880b62234c96fb3545ba104\spring-beans-7.0.7.jar;C:\Users\student\.gradle\caches\modules-2\files-2.1\org.springframework\spring-expression\7.0.7\90c3dc3174244786c33eb3a2be8c5006cfc7389b\spring-expression-7.0.7.jar;C:\Users\student\.gradle\caches\modules-2\files-2.1\org.springframework\spring-core\7.0.7\4f85340fd463031cd93a0629a0323bb467ae51aa\spring-core-7.0.7.jar;C:\Users\student\.gradle\caches\modules-2\files-2.1\org.antlr\antlr4-runtime\4.13.2\fc3db6d844df652a3d5db31c87fa12757f13691d\antlr4-runtime-4.13.2.jar;C:\Users\student\.gradle\caches\modules-2\files-2.1\org.aspectj\aspectjweaver\1.9.25.1\a713c790da4d794c7dfb542b550d4e44898d5e23\aspectjweaver-1.9.25.1.jar;C:\Users\student\.gradle\caches\modules-2\files-2.1\io.micrometer\micrometer-observation\1.16.5\9dff48a7a9dd84d9083e30a36855bb21a7d6836e\micrometer-observation-1.16.5.jar;C:\Users\student\.gradle\caches\modules-2\files-2.1\tools.jackson.core\jackson-core\3.1.2\d0da2e67ffb0b7cf5aba0436b315aa3eb3eb37ca\jackson-core-3.1.2.jar;C:\Users\student\.gradle\caches\modules-2\files-2.1\tools.jackson.core\jackson-databind\3.1.2\2550e04829fc14566ddab7b9564ba886a9c6a532\jackson-databind-3.1.2.jar;C:\Users\student\.gradle\caches\modules-2\files-2.1\org.apache.tomcat.embed\tomcat-embed-websocket\11.0.21\abed2f9a4a8d7e8b8dfe492b1c6e58ea73825db\tomcat-embed-websocket-11.0.21.jar;C:\Users\student\.gradle\caches\modules-2\files-2.1\org.apache.tomcat.embed\tomcat-embed-core\11.0.21\6d53989fe9f9416eb1295a9c53c7b6fb8e3c04bb\tomcat-embed-core-11.0.21.jar;C:\Users\student\.gradle\caches\modules-2\files-2.1\org.apache.tomcat.embed\tomcat-embed-el\11.0.21\ab5200daf4fac467fa0e73598cdc10de6ce1c139\tomcat-embed-el-11.0.21.jar;C:\Users\student\.gradle\caches\modules-2\files-2.1\ch.qos.logback\logback-core\1.5.32\fdfb3ff9a842303d4a95207294a6c6bc64e2605d\logback-core-1.5.32.jar;C:\Users\student\.gradle\caches\modules-2\files-2.1\org.apache.logging.log4j\log4j-api\2.25.4\89ff2217b193fb187b134aa6ebcbfa8a28b018a9\log4j-api-2.25.4.jar;C:\Users\student\.gradle\caches\modules-2\files-2.1\io.micrometer\micrometer-commons\1.16.5\f8c25a4e35d5049d41d8446b111b9891ae407881\micrometer-commons-1.16.5.jar;C:\Users\student\.gradle\caches\modules-2\files-2.1\org.jspecify\jspecify\1.0.0\7425a601c1c7ec76645a78d22b8c6a627edee507\jspecify-1.0.0.jar;C:\Users\student\.gradle\caches\modules-2\files-2.1\biz.aQute.bnd\biz.aQute.bnd.annotation\7.1.0\2f2be18c936d08cf46ea6cfa0043f34afdf38705\biz.aQute.bnd.annotation-7.1.0.jar;C:\Users\student\.gradle\caches\modules-2\files-2.1\com.google.errorprone\error_prone_annotations\2.38.0\fc0ae991433e8590ba51cd558421478318a74c8c\error_prone_annotations-2.38.0.jar;C:\Users\student\.gradle\caches\modules-2\files-2.1\org.osgi\org.osgi.annotation.bundle\2.0.0\f5c2cd6e670c3c5d440d3003efd5ef2ead5c68eb\org.osgi.annotation.bundle-2.0.0.jar;C:\Users\student\.gradle\caches\modules-2\files-2.1\org.osgi\org.osgi.annotation.versioning\1.1.2\dc3cd4ec96c0b3c5459fe00694bd73a816ecf93e\org.osgi.annotation.versioning-1.1.2.jar;C:\Users\student\.gradle\caches\modules-2\files-2.1\jakarta.persistence\jakarta.persistence-api\3.2.0\bb75a113f3fa191c2c7ee7b206d8e674251b3129\jakarta.persistence-api-3.2.0.jar;C:\Users\student\.gradle\caches\modules-2\files-2.1\jakarta.transaction\jakarta.transaction-api\2.0.1\51a520e3fae406abb84e2e1148e6746ce3f80a1a\jakarta.transaction-api-2.0.1.jar;C:\Users\student\.gradle\caches\modules-2\files-2.1\commons-logging\commons-logging\1.3.6\63e78ca6cd446c0ad166d14f03ed99e7efb3896d\commons-logging-1.3.6.jar;C:\Users\student\.gradle\caches\modules-2\files-2.1\org.attoparser\attoparser\2.0.7.RELEASE\e5d0e988d9124139d645bb5872b24dfa23e283cc\attoparser-2.0.7.RELEASE.jar;C:\Users\student\.gradle\caches\modules-2\files-2.1\org.unbescape\unbescape\1.1.6.RELEASE\7b90360afb2b860e09e8347112800d12c12b2a13\unbescape-1.1.6.RELEASE.jar;C:\Users\student\.gradle\caches\modules-2\files-2.1\com.fasterxml.jackson.core\jackson-annotations\2.21\b1bc1868bf02dc0bd6c7836257a036a331005309\jackson-annotations-2.21.jar;C:\Users\student\.gradle\caches\modules-2\files-2.1\org.osgi\org.osgi.resource\1.0.0\343c88949132984b3f2d4175a72c40b77dc65619\org.osgi.resource-1.0.0.jar;C:\Users\student\.gradle\caches\modules-2\files-2.1\org.osgi\org.osgi.service.serviceloader\1.0.0\3728ff37909c6a3c1870b3e851342d9f2bd3cc63\org.osgi.service.serviceloader-1.0.0.jar;C:\Users\student\.gradle\caches\modules-2\files-2.1\org.springframework.boot\spring-boot-devtools\4.0.6\2f45ebafbfc961cf55d4aa4a49bc1637bd6d0d2\spring-boot-devtools-4.0.6.jar;C:\Users\student\.gradle\caches\modules-2\files-2.1\org.postgresql\postgresql\42.7.10\35100a3f0899551e27af8fed4a3414619a4663b3\postgresql-42.7.10.jar;C:\Users\student\.gradle\caches\modules-2\files-2.1\org.checkerframework\checker-qual\3.52.0\9c17f496846ab1fca8975c6a50ceac0b3bbe63f0\checker-qual-3.52.0.jar;C:\Users\student\.gradle\caches\modules-2\files-2.1\org.hibernate.models\hibernate-models\1.0.1\3158c5f9309494b905de62c72f6f02d108aea651\hibernate-models-1.0.1.jar;C:\Users\student\.gradle\caches\modules-2\files-2.1\org.jboss.logging\jboss-logging\3.6.3.Final\1cc9f976725720bb4a66f80af3e3aa6b9890d969\jboss-logging-3.6.3.Final.jar;C:\Users\student\.gradle\caches\modules-2\files-2.1\com.fasterxml\classmate\1.7.3\f61c7e7b81e9249b0f6a05914eff9d54fb09f4a0\classmate-1.7.3.jar;C:\Users\student\.gradle\caches\modules-2\files-2.1\net.bytebuddy\byte-buddy\1.17.8\af5735f63d00ca47a9375fae5c7471a36331c6ed\byte-buddy-1.17.8.jar;C:\Users\student\.gradle\caches\modules-2\files-2.1\org.glassfish.jaxb\jaxb-runtime\4.0.6\fb95ebb62564657b2fedfe165b859789ef3a8711\jaxb-runtime-4.0.6.jar;C:\Users\student\.gradle\caches\modules-2\files-2.1\org.glassfish.jaxb\jaxb-core\4.0.6\8e61282303777fc98a00cc3affd0560d68748a75\jaxb-core-4.0.6.jar;C:\Users\student\.gradle\caches\modules-2\files-2.1\jakarta.xml.bind\jakarta.xml.bind-api\4.0.4\d6d2327f3817d9a33a3b6b8f2e15a96bc2e7afdc\jakarta.xml.bind-api-4.0.4.jar;C:\Users\student\.gradle\caches\modules-2\files-2.1\jakarta.inject\jakarta.inject-api\2.0.1\4c28afe1991a941d7702fe1362c365f0a8641d1e\jakarta.inject-api-2.0.1.jar;C:\Users\student\.gradle\caches\modules-2\files-2.1\org.eclipse.angus\angus-activation\2.0.3\7f80607ea5014fef0b1779e6c33d63a88a45a563\angus-activation-2.0.3.jar;C:\Users\student\.gradle\caches\modules-2\files-2.1\jakarta.activation\jakarta.activation-api\2.1.4\9e5c2a0d75dde71a0bedc4dbdbe47b78a5dc50f8\jakarta.activation-api-2.1.4.jar;C:\Users\student\.gradle\caches\modules-2\files-2.1\org.glassfish.jaxb\txw2\4.0.6\4f4cd53b5ff9a2c5aa1211f15ed2569c57dfb044\txw2-4.0.6.jar;C:\Users\student\.gradle\caches\modules-2\files-2.1\com.sun.istack\istack-commons-runtime\4.1.2\18ec117c85f3ba0ac65409136afa8e42bc74e739\istack-commons-runtime-4.1.2.jar
Launcher Type: SUN_STANDARD

[Global flags]
     intx CICompilerCount                          = 4                                         {product} {ergonomic}
     uint ConcGCThreads                            = 2                                         {product} {ergonomic}
     uint G1ConcRefinementThreads                  = 8                                         {product} {ergonomic}
   size_t G1HeapRegionSize                         = 2097152                                   {product} {ergonomic}
    uintx GCDrainStackTargetSize                   = 64                                        {product} {ergonomic}
   size_t InitialHeapSize                          = 264241152                                 {product} {ergonomic}
     bool ManagementServer                         = true                                      {product} {command line}
   size_t MarkStackSize                            = 4194304                                   {product} {ergonomic}
   size_t MaxHeapSize                              = 4221566976                                {product} {ergonomic}
   size_t MaxNewSize                               = 2531262464                                {product} {ergonomic}
   size_t MinHeapDeltaBytes                        = 2097152                                   {product} {ergonomic}
   size_t MinHeapSize                              = 8388608                                   {product} {ergonomic}
    uintx NonNMethodCodeHeapSize                   = 4096                                   {pd product} {ergonomic}
    uintx NonProfiledCodeHeapSize                  = 0                                      {pd product} {ergonomic}
     bool ProfileInterpreter                       = false                                  {pd product} {command line}
    uintx ProfiledCodeHeapSize                     = 0                                      {pd product} {ergonomic}
     bool ShowCodeDetailsInExceptionMessages       = true                                   {manageable} {command line}
   size_t SoftMaxHeapSize                          = 4221566976                             {manageable} {ergonomic}
     intx TieredStopAtLevel                        = 1                                         {product} {command line}
     bool UseCompressedOops                        = true                           {product lp64_product} {ergonomic}
     bool UseG1GC                                  = true                                      {product} {ergonomic}
     bool UseLargePagesIndividualAllocation        = false                                  {pd product} {ergonomic}

Logging:
Log output configuration:
 #0: stdout all=warning uptime,level,tags foldmultilines=false
 #1: stderr all=off uptime,level,tags foldmultilines=false

Environment Variables:
PATH=C:/pleiades/2025-09/java/21/bin/server;C:/pleiades/2025-09/java/21/bin;C:\Program Files\Common Files\Oracle\Java\javapath;C:\WINDOWS\system32;C:\WINDOWS;C:\WINDOWS\System32\Wbem;C:\WINDOWS\System32\WindowsPowerShell\v1.0\;C:\WINDOWS\System32\OpenSSH\;C:\Program Files\Git\cmd;C:\Program Files\PostgreSQL\17\bin;C:\xampp\php;C:\ProgramData\ComposerSetup\bin;C:\Program Files (x86)\Microsoft SQL Server\160\Tools\Binn\;C:\Program Files\Microsoft SQL Server\160\Tools\Binn\;C:\Program Files\Microsoft SQL Server\Client SDK\ODBC\170\Tools\Binn\;C:\Program Files\Microsoft SQL Server\160\DTS\Binn\;C:\Program Files\Microsoft SQL Server\150\Tools\Binn\;C:\Program Files\dotnet\;C:\Users\student\AppData\Local\Programs\Python\Python313\Scripts\;C:\Users\student\AppData\Local\Programs\Python\Python313\;C:\Users\student\AppData\Local\Microsoft\WindowsApps;C:\Users\student\AppData\Local\Programs\Microsoft VS Code\bin;C:\Users\student\AppData\Roaming\Composer\vendor\bin;C:\Users\student\.dotnet\tools;C:\pleiades\2025-09\eclipse;
USERNAME=student
OS=Windows_NT
PROCESSOR_IDENTIFIER=Intel64 Family 6 Model 142 Stepping 12, GenuineIntel
TMP=C:\Users\student\AppData\Local\Temp
TEMP=C:\Users\student\AppData\Local\Temp




Periodic native trim disabled

---------------  S Y S T E M  ---------------

OS:
 Windows 11 , 64 bit Build 26100 (10.0.26100.7623)
OS uptime: 0 days 7:50 hours
Hyper-V role detected

CPU: total 8 (initial active 8) (4 cores per cpu, 2 threads per core) family 6 model 142 stepping 12 microcode 0x100, cx8, cmov, fxsr, ht, mmx, 3dnowpref, sse, sse2, sse3, ssse3, sse4.1, sse4.2, popcnt, lzcnt, tsc, tscinvbit, avx, avx2, aes, erms, clmul, bmi1, bmi2, adx, fma, vzeroupper, clflush, clflushopt, hv, rdtscp, f16c
Processor Information for the first 8 processors :
  Max Mhz: 2112, Current Mhz: 1609, Mhz Limit: 1605

Memory: 4k page, system-wide physical 16101M (8715M free)
TotalPageFile size 17454M (AvailPageFile size 5851M)
current process WorkingSet (physical memory assigned to process): 289M, peak: 298M
current process commit charge ("private bytes"): 361M, peak: 372M

vm_info: OpenJDK 64-Bit Server VM (21.0.8+9-LTS) for windows-amd64 JRE (21.0.8+9-LTS), built on 2025-07-15T00:00:00Z by "admin" with MS VC++ 17.7 (VS2022)

END.
